{"level":"info","message":"Api Gateway is running at PORT:3000","service":"api-gateway","timestamp":"2025-09-30T17:37:43.359Z"}
{"level":"info","message":"Identity Service is running at PORT:http://localhost:3001","service":"api-gateway","timestamp":"2025-09-30T17:37:43.362Z"}
{"level":"info","message":"Redis URL:redis://localhost:6379","service":"api-gateway","timestamp":"2025-09-30T17:37:43.362Z"}
{"level":"info","message":"Recieved POST request to /v1/auth/register","service":"api-gateway","timestamp":"2025-09-30T17:41:09.365Z"}
{"level":"info","message":"Request Body, [object Object]","service":"api-gateway","timestamp":"2025-09-30T17:41:09.366Z"}
{"level":"error","message":"Proxy error: ","service":"api-gateway","timestamp":"2025-09-30T17:41:09.383Z"}
{"level":"info","message":"Recieved POST request to /v1/auth/register","service":"api-gateway","timestamp":"2025-09-30T17:41:39.715Z"}
{"level":"info","message":"Request Body, [object Object]","service":"api-gateway","timestamp":"2025-09-30T17:41:39.715Z"}
{"level":"info","message":"Response received from Identity Service:404","service":"api-gateway","timestamp":"2025-09-30T17:41:39.861Z"}
{"level":"info","message":"Recieved POST request to /v1/auth/register","service":"api-gateway","timestamp":"2025-09-30T17:42:22.798Z"}
{"level":"info","message":"Request Body, [object Object]","service":"api-gateway","timestamp":"2025-09-30T17:42:22.799Z"}
{"level":"info","message":"Response received from Identity Service:201","service":"api-gateway","timestamp":"2025-09-30T17:42:23.284Z"}
{"level":"info","message":"Api Gateway is running at PORT:3000","service":"api-gateway","timestamp":"2025-10-02T17:03:32.943Z"}
{"level":"info","message":"Identity Service is running at PORT:http://localhost:3001","service":"api-gateway","timestamp":"2025-10-02T17:03:32.945Z"}
{"level":"info","message":"Redis URL:redis://localhost:6379","service":"api-gateway","timestamp":"2025-10-02T17:03:32.945Z"}
{"level":"info","message":"Recieved POST request to /v1/auth/login","service":"api-gateway","timestamp":"2025-10-02T17:04:42.878Z"}
{"level":"info","message":"Request Body, [object Object]","service":"api-gateway","timestamp":"2025-10-02T17:04:42.880Z"}
{"level":"info","message":"Response received from Identity Service:201","service":"api-gateway","timestamp":"2025-10-02T17:04:43.334Z"}
{"level":"info","message":"Api Gateway is running at PORT:3000","service":"api-gateway","timestamp":"2025-10-02T17:41:30.611Z"}
{"level":"info","message":"Identity Service is running at PORT:http://localhost:3001","service":"api-gateway","timestamp":"2025-10-02T17:41:30.613Z"}
{"level":"info","message":"Redis URL:redis://localhost:6379","service":"api-gateway","timestamp":"2025-10-02T17:41:30.614Z"}
{"level":"info","message":"Api Gateway is running at PORT:3000","service":"api-gateway","timestamp":"2025-10-05T14:37:25.090Z"}
{"level":"info","message":"Identity Service is running at PORT:http://localhost:3001","service":"api-gateway","timestamp":"2025-10-05T14:37:25.095Z"}
{"level":"info","message":"Post Service is running at PORT:http://localhost:3002","service":"api-gateway","timestamp":"2025-10-05T14:37:25.096Z"}
{"level":"info","message":"Redis URL:redis://localhost:6379","service":"api-gateway","timestamp":"2025-10-05T14:37:25.097Z"}
{"level":"info","message":"Api Gateway is running at PORT:3000","service":"api-gateway","timestamp":"2025-10-05T14:41:56.574Z"}
{"level":"info","message":"Identity Service is running at PORT:http://localhost:3001","service":"api-gateway","timestamp":"2025-10-05T14:41:56.599Z"}
{"level":"info","message":"Post Service is running at PORT:http://localhost:3002","service":"api-gateway","timestamp":"2025-10-05T14:41:56.606Z"}
{"level":"info","message":"Redis URL:redis://localhost:6379","service":"api-gateway","timestamp":"2025-10-05T14:41:56.611Z"}
{"level":"info","message":"Api Gateway is running at PORT:3000","service":"api-gateway","timestamp":"2025-10-05T15:43:51.289Z"}
{"level":"info","message":"Identity Service is running at PORT:http://localhost:3001","service":"api-gateway","timestamp":"2025-10-05T15:43:51.291Z"}
{"level":"info","message":"Post Service is running at PORT:http://localhost:3002","service":"api-gateway","timestamp":"2025-10-05T15:43:51.291Z"}
{"level":"info","message":"Redis URL:redis://localhost:6379","service":"api-gateway","timestamp":"2025-10-05T15:43:51.291Z"}
{"level":"info","message":"Recieved POST request to /v1/auth/login","service":"api-gateway","timestamp":"2025-10-05T15:45:41.568Z"}
{"level":"info","message":"Request Body, [object Object]","service":"api-gateway","timestamp":"2025-10-05T15:45:41.570Z"}
{"level":"error","message":"Proxy error: ","service":"api-gateway","timestamp":"2025-10-05T15:45:41.598Z"}
{"level":"info","message":"Recieved POST request to /v1/auth/login","service":"api-gateway","timestamp":"2025-10-05T15:46:06.930Z"}
{"level":"info","message":"Request Body, [object Object]","service":"api-gateway","timestamp":"2025-10-05T15:46:06.930Z"}
{"level":"info","message":"Response received from Identity Service:201","service":"api-gateway","timestamp":"2025-10-05T15:46:07.243Z"}
{"level":"info","message":"Recieved POST request to /v1/posts/create-post","service":"api-gateway","timestamp":"2025-10-05T15:47:20.609Z"}
{"level":"info","message":"Request Body, [object Object]","service":"api-gateway","timestamp":"2025-10-05T15:47:20.610Z"}
{"level":"error","message":"Error Ocurred while verifying token","service":"api-gateway","timestamp":"2025-10-05T15:47:20.613Z"}
{"level":"info","message":"Recieved POST request to /v1/posts/create-post","service":"api-gateway","timestamp":"2025-10-05T15:48:30.055Z"}
{"level":"info","message":"Request Body, [object Object]","service":"api-gateway","timestamp":"2025-10-05T15:48:30.056Z"}
{"level":"error","message":"Proxy error: ","service":"api-gateway","timestamp":"2025-10-05T15:48:30.061Z"}
{"level":"info","message":"Recieved POST request to /v1/posts/create-post","service":"api-gateway","timestamp":"2025-10-05T15:49:23.356Z"}
{"level":"info","message":"Request Body, [object Object]","service":"api-gateway","timestamp":"2025-10-05T15:49:23.357Z"}
{"level":"error","message":"Proxy error: ","service":"api-gateway","timestamp":"2025-10-05T15:49:23.364Z"}
{"level":"info","message":"Recieved POST request to /v1/posts/create-post","service":"api-gateway","timestamp":"2025-10-05T15:50:27.989Z"}
{"level":"info","message":"Request Body, [object Object]","service":"api-gateway","timestamp":"2025-10-05T15:50:27.990Z"}
{"level":"info","message":"Response received from Post Service:500","service":"api-gateway","timestamp":"2025-10-05T15:50:28.102Z"}
{"level":"info","message":"Recieved POST request to /v1/posts/create-post","service":"api-gateway","timestamp":"2025-10-05T15:50:51.860Z"}
{"level":"info","message":"Request Body, [object Object]","service":"api-gateway","timestamp":"2025-10-05T15:50:51.860Z"}
{"level":"error","message":"Invalid Token","service":"api-gateway","timestamp":"2025-10-05T15:50:51.865Z"}
{"level":"info","message":"Recieved POST request to /v1/posts/create-post","service":"api-gateway","timestamp":"2025-10-05T15:50:59.409Z"}
{"level":"info","message":"Request Body, [object Object]","service":"api-gateway","timestamp":"2025-10-05T15:50:59.409Z"}
{"level":"info","message":"Response received from Post Service:500","service":"api-gateway","timestamp":"2025-10-05T15:50:59.431Z"}
{"level":"info","message":"Recieved POST request to /v1/posts/create-post","service":"api-gateway","timestamp":"2025-10-05T15:58:27.787Z"}
{"level":"info","message":"Request Body, [object Object]","service":"api-gateway","timestamp":"2025-10-05T15:58:27.787Z"}
{"level":"error","message":"Proxy error: ","service":"api-gateway","timestamp":"2025-10-05T15:58:27.790Z"}
{"level":"info","message":"Recieved POST request to /v1/posts/create-post","service":"api-gateway","timestamp":"2025-10-05T15:58:40.310Z"}
{"level":"info","message":"Request Body, [object Object]","service":"api-gateway","timestamp":"2025-10-05T15:58:40.310Z"}
{"level":"info","message":"Response received from Post Service:400","service":"api-gateway","timestamp":"2025-10-05T15:58:40.332Z"}
{"level":"info","message":"Recieved POST request to /v1/posts/create-post","service":"api-gateway","timestamp":"2025-10-05T15:58:56.158Z"}
{"level":"info","message":"Request Body, [object Object]","service":"api-gateway","timestamp":"2025-10-05T15:58:56.159Z"}
{"level":"info","message":"Response received from Post Service:201","service":"api-gateway","timestamp":"2025-10-05T15:58:56.292Z"}
{"level":"info","message":"Recieved POST request to /v1/posts/create-post","service":"api-gateway","timestamp":"2025-10-05T15:59:24.858Z"}
{"level":"info","message":"Request Body, [object Object]","service":"api-gateway","timestamp":"2025-10-05T15:59:24.859Z"}
{"level":"info","message":"Response received from Post Service:201","service":"api-gateway","timestamp":"2025-10-05T15:59:24.993Z"}
{"level":"info","message":"Recieved POST request to /v1/posts/getall-posts","service":"api-gateway","timestamp":"2025-10-05T16:29:42.062Z"}
{"level":"info","message":"Request Body, undefined","service":"api-gateway","timestamp":"2025-10-05T16:29:42.063Z"}
{"level":"error","message":"Error Ocurred while verifying token","service":"api-gateway","timestamp":"2025-10-05T16:29:42.065Z"}
{"level":"info","message":"Recieved POST request to /v1/posts/getall-posts","service":"api-gateway","timestamp":"2025-10-05T16:30:04.739Z"}
{"level":"info","message":"Request Body, undefined","service":"api-gateway","timestamp":"2025-10-05T16:30:04.740Z"}
{"level":"info","message":"Response received from Post Service:404","service":"api-gateway","timestamp":"2025-10-05T16:30:04.799Z"}
{"level":"info","message":"Recieved GET request to /v1/posts/getall-posts","service":"api-gateway","timestamp":"2025-10-05T16:30:11.463Z"}
{"level":"info","message":"Request Body, undefined","service":"api-gateway","timestamp":"2025-10-05T16:30:11.464Z"}
{"level":"error","message":"Proxy error: socket hang up","service":"api-gateway","timestamp":"2025-10-05T16:31:25.310Z"}
{"level":"info","message":"Recieved GET request to /v1/posts/getall-posts","service":"api-gateway","timestamp":"2025-10-05T16:31:31.653Z"}
{"level":"info","message":"Request Body, undefined","service":"api-gateway","timestamp":"2025-10-05T16:31:31.653Z"}
{"level":"error","message":"Invalid Token","service":"api-gateway","timestamp":"2025-10-05T16:31:31.658Z"}
{"level":"info","message":"Recieved GET request to /v1/posts/getall-posts","service":"api-gateway","timestamp":"2025-10-05T16:31:51.308Z"}
{"level":"info","message":"Request Body, undefined","service":"api-gateway","timestamp":"2025-10-05T16:31:51.309Z"}
{"level":"error","message":"Invalid Token","service":"api-gateway","timestamp":"2025-10-05T16:31:51.312Z"}
{"level":"info","message":"Recieved POST request to /v1/auth/login","service":"api-gateway","timestamp":"2025-10-05T16:32:09.264Z"}
{"level":"info","message":"Request Body, [object Object]","service":"api-gateway","timestamp":"2025-10-05T16:32:09.265Z"}
{"level":"info","message":"Response received from Identity Service:201","service":"api-gateway","timestamp":"2025-10-05T16:32:09.598Z"}
{"level":"info","message":"Recieved GET request to /v1/posts/getall-posts","service":"api-gateway","timestamp":"2025-10-05T16:32:20.586Z"}
{"level":"info","message":"Request Body, undefined","service":"api-gateway","timestamp":"2025-10-05T16:32:20.586Z"}
{"level":"error","message":"Proxy error: read ECONNRESET","service":"api-gateway","timestamp":"2025-10-05T16:35:14.144Z"}
{"level":"info","message":"Recieved GET request to /v1/posts/getall-posts","service":"api-gateway","timestamp":"2025-10-05T16:35:35.291Z"}
{"level":"info","message":"Request Body, undefined","service":"api-gateway","timestamp":"2025-10-05T16:35:35.292Z"}
{"level":"error","message":"Proxy error: socket hang up","service":"api-gateway","timestamp":"2025-10-05T16:38:30.879Z"}
{"level":"info","message":"Recieved GET request to /v1/posts/getall-posts","service":"api-gateway","timestamp":"2025-10-05T16:38:49.815Z"}
{"level":"info","message":"Request Body, undefined","service":"api-gateway","timestamp":"2025-10-05T16:38:49.816Z"}
{"level":"error","message":"Proxy error: read ECONNRESET","service":"api-gateway","timestamp":"2025-10-05T16:39:11.818Z"}
{"level":"info","message":"Recieved POST request to /v1/posts/create-post","service":"api-gateway","timestamp":"2025-10-05T16:42:23.040Z"}
{"level":"info","message":"Request Body, [object Object]","service":"api-gateway","timestamp":"2025-10-05T16:42:23.041Z"}
{"level":"info","message":"Response received from Post Service:201","service":"api-gateway","timestamp":"2025-10-05T16:42:23.241Z"}
{"level":"info","message":"Recieved POST request to /v1/posts/create-post","service":"api-gateway","timestamp":"2025-10-05T16:42:30.393Z"}
{"level":"info","message":"Request Body, [object Object]","service":"api-gateway","timestamp":"2025-10-05T16:42:30.393Z"}
{"level":"info","message":"Response received from Post Service:201","service":"api-gateway","timestamp":"2025-10-05T16:42:30.487Z"}
{"level":"info","message":"Api Gateway is running at PORT:3000","service":"api-gateway","timestamp":"2025-10-05T16:45:23.724Z"}
{"level":"info","message":"Identity Service is running at PORT:http://localhost:3001","service":"api-gateway","timestamp":"2025-10-05T16:45:23.728Z"}
{"level":"info","message":"Post Service is running at PORT:http://localhost:3002","service":"api-gateway","timestamp":"2025-10-05T16:45:23.728Z"}
{"level":"info","message":"Redis URL:redis://localhost:6379","service":"api-gateway","timestamp":"2025-10-05T16:45:23.729Z"}
{"level":"info","message":"Recieved GET request to /v1/posts/getall-posts","service":"api-gateway","timestamp":"2025-10-05T16:47:47.325Z"}
{"level":"info","message":"Request Body, undefined","service":"api-gateway","timestamp":"2025-10-05T16:47:47.325Z"}
{"level":"error","message":"Proxy error: read ECONNRESET","service":"api-gateway","timestamp":"2025-10-05T16:49:13.478Z"}
{"level":"info","message":"Recieved GET request to /v1/posts/getall-posts","service":"api-gateway","timestamp":"2025-10-05T16:50:47.943Z"}
{"level":"info","message":"Request Body, undefined","service":"api-gateway","timestamp":"2025-10-05T16:50:47.944Z"}
{"level":"info","message":"Api Gateway is running at PORT:3000","service":"api-gateway","timestamp":"2025-10-05T16:51:26.083Z"}
{"level":"info","message":"Identity Service is running at PORT:http://localhost:3001","service":"api-gateway","timestamp":"2025-10-05T16:51:26.085Z"}
{"level":"info","message":"Post Service is running at PORT:http://localhost:3002","service":"api-gateway","timestamp":"2025-10-05T16:51:26.086Z"}
{"level":"info","message":"Redis URL:redis://localhost:6379","service":"api-gateway","timestamp":"2025-10-05T16:51:26.086Z"}
{"level":"info","message":"Recieved GET request to /v1/posts/getall-posts","service":"api-gateway","timestamp":"2025-10-05T16:51:31.474Z"}
{"level":"info","message":"Request Body, undefined","service":"api-gateway","timestamp":"2025-10-05T16:51:31.476Z"}
{"level":"error","message":"Proxy error: socket hang up","service":"api-gateway","timestamp":"2025-10-05T16:52:06.704Z"}
{"level":"info","message":"Recieved GET request to /v1/posts/getall-posts","service":"api-gateway","timestamp":"2025-10-05T16:52:09.778Z"}
{"level":"info","message":"Request Body, undefined","service":"api-gateway","timestamp":"2025-10-05T16:52:09.779Z"}
{"level":"error","message":"Proxy error: socket hang up","service":"api-gateway","timestamp":"2025-10-05T16:52:59.163Z"}
{"level":"info","message":"Recieved GET request to /v1/posts/getall-posts","service":"api-gateway","timestamp":"2025-10-05T16:53:24.311Z"}
{"level":"info","message":"Request Body, undefined","service":"api-gateway","timestamp":"2025-10-05T16:53:24.312Z"}
{"level":"error","message":"Proxy error: socket hang up","service":"api-gateway","timestamp":"2025-10-05T16:57:54.732Z"}
{"level":"info","message":"Recieved GET request to /v1/posts/getall-posts","service":"api-gateway","timestamp":"2025-10-05T16:57:55.764Z"}
{"level":"info","message":"Request Body, undefined","service":"api-gateway","timestamp":"2025-10-05T16:57:55.765Z"}
{"level":"error","message":"Proxy error: socket hang up","service":"api-gateway","timestamp":"2025-10-05T16:57:58.775Z"}
{"level":"info","message":"Recieved GET request to /v1/posts/getall-posts","service":"api-gateway","timestamp":"2025-10-05T16:58:30.224Z"}
{"level":"info","message":"Request Body, undefined","service":"api-gateway","timestamp":"2025-10-05T16:58:30.225Z"}
{"level":"error","message":"Proxy error: read ECONNRESET","service":"api-gateway","timestamp":"2025-10-05T17:01:06.563Z"}
{"level":"info","message":"Recieved GET request to /v1/posts/getall-posts","service":"api-gateway","timestamp":"2025-10-05T17:01:11.760Z"}
{"level":"info","message":"Request Body, undefined","service":"api-gateway","timestamp":"2025-10-05T17:01:11.761Z"}
{"level":"info","message":"Response received from Post Service:200","service":"api-gateway","timestamp":"2025-10-05T17:01:11.975Z"}
{"level":"info","message":"Recieved GET request to /v1/posts/getall-posts","service":"api-gateway","timestamp":"2025-10-05T17:01:43.090Z"}
{"level":"info","message":"Request Body, undefined","service":"api-gateway","timestamp":"2025-10-05T17:01:43.091Z"}
{"level":"info","message":"Response received from Post Service:200","service":"api-gateway","timestamp":"2025-10-05T17:01:43.114Z"}
{"level":"info","message":"Recieved GET request to /v1/posts/getall-posts","service":"api-gateway","timestamp":"2025-10-05T17:01:48.608Z"}
{"level":"info","message":"Request Body, undefined","service":"api-gateway","timestamp":"2025-10-05T17:01:48.609Z"}
{"level":"info","message":"Response received from Post Service:200","service":"api-gateway","timestamp":"2025-10-05T17:01:48.613Z"}
{"level":"info","message":"Recieved POST request to /v1/posts/create-post","service":"api-gateway","timestamp":"2025-10-05T17:14:11.378Z"}
{"level":"info","message":"Request Body, [object Object]","service":"api-gateway","timestamp":"2025-10-05T17:14:11.378Z"}
{"level":"info","message":"Response received from Post Service:201","service":"api-gateway","timestamp":"2025-10-05T17:14:11.511Z"}
{"level":"info","message":"Recieved GET request to /v1/posts/getall-posts","service":"api-gateway","timestamp":"2025-10-05T17:14:15.394Z"}
{"level":"info","message":"Request Body, undefined","service":"api-gateway","timestamp":"2025-10-05T17:14:15.394Z"}
{"level":"info","message":"Response received from Post Service:200","service":"api-gateway","timestamp":"2025-10-05T17:14:15.582Z"}
{"level":"info","message":"Recieved GET request to /v1/posts/getall-posts","service":"api-gateway","timestamp":"2025-10-05T17:14:21.126Z"}
{"level":"info","message":"Request Body, undefined","service":"api-gateway","timestamp":"2025-10-05T17:14:21.126Z"}
{"level":"info","message":"Response received from Post Service:200","service":"api-gateway","timestamp":"2025-10-05T17:14:21.131Z"}
{"level":"info","message":"Recieved GET request to /v1/posts/get-post?postId=68e2a763276abe38942909aa","service":"api-gateway","timestamp":"2025-10-05T17:27:55.429Z"}
{"level":"info","message":"Request Body, undefined","service":"api-gateway","timestamp":"2025-10-05T17:27:55.429Z"}
{"level":"info","message":"Response received from Post Service:404","service":"api-gateway","timestamp":"2025-10-05T17:27:55.584Z"}
{"level":"info","message":"Recieved GET request to /v1/posts/get-post?id=68e2a763276abe38942909aa","service":"api-gateway","timestamp":"2025-10-05T17:28:28.243Z"}
{"level":"info","message":"Request Body, undefined","service":"api-gateway","timestamp":"2025-10-05T17:28:28.243Z"}
{"level":"info","message":"Response received from Post Service:404","service":"api-gateway","timestamp":"2025-10-05T17:28:28.339Z"}
{"level":"info","message":"Recieved GET request to /v1/posts/get-post?id=68e2a763276abe38942909aa","service":"api-gateway","timestamp":"2025-10-05T17:29:24.213Z"}
{"level":"info","message":"Request Body, undefined","service":"api-gateway","timestamp":"2025-10-05T17:29:24.214Z"}
{"level":"info","message":"Response received from Post Service:500","service":"api-gateway","timestamp":"2025-10-05T17:29:24.310Z"}
{"level":"info","message":"Recieved GET request to /v1/posts/68dc167eb994c9ac200bdfbf","service":"api-gateway","timestamp":"2025-10-05T17:29:48.871Z"}
{"level":"info","message":"Request Body, undefined","service":"api-gateway","timestamp":"2025-10-05T17:29:48.872Z"}
{"level":"info","message":"Response received from Post Service:404","service":"api-gateway","timestamp":"2025-10-05T17:29:48.975Z"}
{"level":"info","message":"Recieved GET request to /v1/posts/68e29ff6c8a464c8335be9fc","service":"api-gateway","timestamp":"2025-10-05T17:30:48.159Z"}
{"level":"info","message":"Request Body, undefined","service":"api-gateway","timestamp":"2025-10-05T17:30:48.160Z"}
{"level":"info","message":"Response received from Post Service:200","service":"api-gateway","timestamp":"2025-10-05T17:30:48.245Z"}
{"level":"info","message":"Recieved GET request to /v1/posts/68e29ff6c8a464c8335be9fc","service":"api-gateway","timestamp":"2025-10-05T17:30:58.776Z"}
{"level":"info","message":"Request Body, undefined","service":"api-gateway","timestamp":"2025-10-05T17:30:58.777Z"}
{"level":"info","message":"Response received from Post Service:200","service":"api-gateway","timestamp":"2025-10-05T17:30:58.787Z"}
{"level":"info","message":"Recieved GET request to /v1/posts/68e29ff6c8a464c8335be9fc","service":"api-gateway","timestamp":"2025-10-05T17:31:00.739Z"}
{"level":"info","message":"Request Body, undefined","service":"api-gateway","timestamp":"2025-10-05T17:31:00.739Z"}
{"level":"info","message":"Response received from Post Service:200","service":"api-gateway","timestamp":"2025-10-05T17:31:00.743Z"}
{"level":"info","message":"Recieved GET request to /v1/posts/68e29ff6c8a464c8335be9fc","service":"api-gateway","timestamp":"2025-10-05T17:31:01.776Z"}
{"level":"info","message":"Request Body, undefined","service":"api-gateway","timestamp":"2025-10-05T17:31:01.777Z"}
{"level":"info","message":"Response received from Post Service:200","service":"api-gateway","timestamp":"2025-10-05T17:31:01.781Z"}
{"level":"info","message":"Recieved GET request to /v1/posts/68e29ff6c8a464c8335be9fc","service":"api-gateway","timestamp":"2025-10-05T17:31:02.736Z"}
{"level":"info","message":"Request Body, undefined","service":"api-gateway","timestamp":"2025-10-05T17:31:02.736Z"}
{"level":"info","message":"Response received from Post Service:200","service":"api-gateway","timestamp":"2025-10-05T17:31:02.741Z"}
{"level":"info","message":"Recieved GET request to /v1/posts/68e29ff6c8a464c8335be9fc","service":"api-gateway","timestamp":"2025-10-05T17:31:03.823Z"}
{"level":"info","message":"Request Body, undefined","service":"api-gateway","timestamp":"2025-10-05T17:31:03.824Z"}
{"level":"info","message":"Response received from Post Service:200","service":"api-gateway","timestamp":"2025-10-05T17:31:03.828Z"}
{"level":"info","message":"Api Gateway is running at PORT:3000","service":"api-gateway","timestamp":"2025-10-05T17:55:46.977Z"}
{"level":"info","message":"Identity Service is running at PORT:http://localhost:3001","service":"api-gateway","timestamp":"2025-10-05T17:55:46.980Z"}
{"level":"info","message":"Post Service is running at PORT:http://localhost:3002","service":"api-gateway","timestamp":"2025-10-05T17:55:46.981Z"}
{"level":"info","message":"Redis URL:redis://localhost:6379","service":"api-gateway","timestamp":"2025-10-05T17:55:46.981Z"}
{"level":"info","message":"Api Gateway is running at PORT:3000","service":"api-gateway","timestamp":"2025-10-07T15:51:28.597Z"}
{"level":"info","message":"Identity Service is running at PORT:http://localhost:3001","service":"api-gateway","timestamp":"2025-10-07T15:51:28.601Z"}
{"level":"info","message":"Post Service is running at PORT:http://localhost:3002","service":"api-gateway","timestamp":"2025-10-07T15:51:28.602Z"}
{"level":"info","message":"Redis URL:redis://localhost:6379","service":"api-gateway","timestamp":"2025-10-07T15:51:28.603Z"}
{"level":"info","message":"Recieved GET request to /v1/posts/68e29ff6c8a464c8335be9fc","service":"api-gateway","timestamp":"2025-10-07T16:06:09.319Z"}
{"level":"info","message":"Request Body, undefined","service":"api-gateway","timestamp":"2025-10-07T16:06:09.320Z"}
{"level":"error","message":"Error Ocurred while verifying token","service":"api-gateway","timestamp":"2025-10-07T16:06:09.331Z"}
{"level":"info","message":"Recieved POST request to /v1/auth/login","service":"api-gateway","timestamp":"2025-10-07T16:06:29.214Z"}
{"level":"info","message":"Request Body, [object Object]","service":"api-gateway","timestamp":"2025-10-07T16:06:29.214Z"}
{"level":"error","message":"Proxy error: ","service":"api-gateway","timestamp":"2025-10-07T16:06:29.223Z"}
{"level":"info","message":"Recieved POST request to /v1/auth/login","service":"api-gateway","timestamp":"2025-10-07T16:07:20.295Z"}
{"level":"info","message":"Request Body, [object Object]","service":"api-gateway","timestamp":"2025-10-07T16:07:20.296Z"}
{"level":"info","message":"Response received from Identity Service:201","service":"api-gateway","timestamp":"2025-10-07T16:07:20.720Z"}
{"level":"info","message":"Recieved GET request to /v1/posts/68e29ff6c8a464c8335be9fc","service":"api-gateway","timestamp":"2025-10-07T16:07:37.827Z"}
{"level":"info","message":"Request Body, undefined","service":"api-gateway","timestamp":"2025-10-07T16:07:37.828Z"}
{"level":"info","message":"Response received from Post Service:200","service":"api-gateway","timestamp":"2025-10-07T16:07:37.997Z"}
{"level":"info","message":"Recieved DELETE request to /v1/posts/68e29ff6c8a464c8335be9fc","service":"api-gateway","timestamp":"2025-10-07T16:07:56.078Z"}
{"level":"info","message":"Request Body, undefined","service":"api-gateway","timestamp":"2025-10-07T16:07:56.089Z"}
{"level":"info","message":"Response received from Post Service:200","service":"api-gateway","timestamp":"2025-10-07T16:07:56.187Z"}
{"level":"info","message":"Recieved GET request to /v1/posts/68e29ff6c8a464c8335be9fc","service":"api-gateway","timestamp":"2025-10-07T16:08:06.406Z"}
{"level":"info","message":"Request Body, undefined","service":"api-gateway","timestamp":"2025-10-07T16:08:06.408Z"}
{"level":"error","message":"Invalid Token","service":"api-gateway","timestamp":"2025-10-07T16:08:06.416Z"}
{"level":"info","message":"Recieved GET request to /v1/posts/68e29ff6c8a464c8335be9fc","service":"api-gateway","timestamp":"2025-10-07T16:08:16.499Z"}
{"level":"info","message":"Request Body, undefined","service":"api-gateway","timestamp":"2025-10-07T16:08:16.501Z"}
{"level":"info","message":"Response received from Post Service:404","service":"api-gateway","timestamp":"2025-10-07T16:08:16.593Z"}
{"level":"info","message":"Recieved GET request to /v1/posts/getall-posts","service":"api-gateway","timestamp":"2025-10-07T16:08:35.254Z"}
{"level":"info","message":"Request Body, undefined","service":"api-gateway","timestamp":"2025-10-07T16:08:35.254Z"}
{"level":"info","message":"Response received from Post Service:200","service":"api-gateway","timestamp":"2025-10-07T16:08:35.405Z"}
{"level":"info","message":"Recieved DELETE request to /v1/posts/68e2a763276abe38942909aa","service":"api-gateway","timestamp":"2025-10-07T16:08:58.196Z"}
{"level":"info","message":"Request Body, undefined","service":"api-gateway","timestamp":"2025-10-07T16:08:58.197Z"}
{"level":"info","message":"Response received from Post Service:200","service":"api-gateway","timestamp":"2025-10-07T16:08:58.292Z"}
{"level":"info","message":"Recieved GET request to /v1/posts/getall-posts","service":"api-gateway","timestamp":"2025-10-07T16:09:03.326Z"}
{"level":"info","message":"Request Body, undefined","service":"api-gateway","timestamp":"2025-10-07T16:09:03.328Z"}
{"level":"info","message":"Response received from Post Service:200","service":"api-gateway","timestamp":"2025-10-07T16:09:03.487Z"}
{"level":"info","message":"Api Gateway is running at PORT:3000","service":"api-gateway","timestamp":"2025-10-07T18:06:05.771Z"}
{"level":"info","message":"Identity Service is running at PORT:http://localhost:3001","service":"api-gateway","timestamp":"2025-10-07T18:06:05.774Z"}
{"level":"info","message":"Post Service is running at PORT:http://localhost:3002","service":"api-gateway","timestamp":"2025-10-07T18:06:05.775Z"}
{"level":"info","message":"Redis URL:redis://localhost:6379","service":"api-gateway","timestamp":"2025-10-07T18:06:05.775Z"}
{"level":"info","message":"Api Gateway is running at PORT:3000","service":"api-gateway","timestamp":"2025-10-08T18:33:50.588Z"}
{"level":"info","message":"Identity Service is running at PORT:http://localhost:3001","service":"api-gateway","timestamp":"2025-10-08T18:33:50.591Z"}
{"level":"info","message":"Post Service is running at PORT:http://localhost:3002","service":"api-gateway","timestamp":"2025-10-08T18:33:50.591Z"}
{"level":"info","message":"Post Service is running at PORT:http://localhost:3003","service":"api-gateway","timestamp":"2025-10-08T18:33:50.591Z"}
{"level":"info","message":"Redis URL:redis://localhost:6379","service":"api-gateway","timestamp":"2025-10-08T18:33:50.592Z"}
{"level":"info","message":"Api Gateway is running at PORT:3000","service":"api-gateway","timestamp":"2025-10-08T18:34:02.080Z"}
{"level":"info","message":"Identity Service is running at PORT:http://localhost:3001","service":"api-gateway","timestamp":"2025-10-08T18:34:02.082Z"}
{"level":"info","message":"Post Service is running at PORT:http://localhost:3002","service":"api-gateway","timestamp":"2025-10-08T18:34:02.082Z"}
{"level":"info","message":"Media Service is running at PORT:http://localhost:3003","service":"api-gateway","timestamp":"2025-10-08T18:34:02.083Z"}
{"level":"info","message":"Redis URL:redis://localhost:6379","service":"api-gateway","timestamp":"2025-10-08T18:34:02.083Z"}
{"level":"info","message":"Recieved POST request to /v1/auth/login","service":"api-gateway","timestamp":"2025-10-08T18:41:17.684Z"}
{"level":"info","message":"Request Body, [object Object]","service":"api-gateway","timestamp":"2025-10-08T18:41:17.685Z"}
{"level":"error","message":"Proxy error: ","service":"api-gateway","timestamp":"2025-10-08T18:41:17.694Z"}
{"level":"info","message":"Recieved POST request to /v1/auth/login","service":"api-gateway","timestamp":"2025-10-08T18:41:39.547Z"}
{"level":"info","message":"Request Body, [object Object]","service":"api-gateway","timestamp":"2025-10-08T18:41:39.548Z"}
{"level":"info","message":"Response received from Identity Service:201","service":"api-gateway","timestamp":"2025-10-08T18:41:39.859Z"}
{"level":"info","message":"Recieved POST request to /v1/media/upload-media","service":"api-gateway","timestamp":"2025-10-08T18:42:43.715Z"}
{"level":"info","message":"Request Body, undefined","service":"api-gateway","timestamp":"2025-10-08T18:42:43.716Z"}
{"level":"error","message":"Error Ocurred while verifying token","service":"api-gateway","timestamp":"2025-10-08T18:42:43.720Z"}
{"level":"info","message":"Recieved POST request to /v1/media/upload-media","service":"api-gateway","timestamp":"2025-10-08T18:43:45.003Z"}
{"level":"info","message":"Request Body, undefined","service":"api-gateway","timestamp":"2025-10-08T18:43:45.004Z"}
{"level":"error","message":"Proxy error: Cannot read properties of undefined (reading 'startsWith')","service":"api-gateway","timestamp":"2025-10-08T18:43:45.015Z"}
{"level":"info","message":"Recieved POST request to /v1/media/upload-media","service":"api-gateway","timestamp":"2025-10-08T18:44:42.466Z"}
{"level":"info","message":"Request Body, undefined","service":"api-gateway","timestamp":"2025-10-08T18:44:42.467Z"}
{"level":"info","message":"Response received from media Service:500","service":"api-gateway","timestamp":"2025-10-08T18:44:42.508Z"}
{"level":"info","message":"Recieved POST request to /v1/media/upload-media","service":"api-gateway","timestamp":"2025-10-08T18:45:49.420Z"}
{"level":"info","message":"Request Body, undefined","service":"api-gateway","timestamp":"2025-10-08T18:45:49.421Z"}
{"level":"info","message":"Response received from media Service:500","service":"api-gateway","timestamp":"2025-10-08T18:45:49.438Z"}
{"level":"info","message":"Recieved POST request to /v1/media/upload-media","service":"api-gateway","timestamp":"2025-10-08T18:46:13.085Z"}
{"level":"info","message":"Request Body, undefined","service":"api-gateway","timestamp":"2025-10-08T18:46:13.086Z"}
{"level":"info","message":"Response received from media Service:500","service":"api-gateway","timestamp":"2025-10-08T18:46:14.473Z"}
{"level":"info","message":"Recieved POST request to /v1/media/upload-media","service":"api-gateway","timestamp":"2025-10-08T18:56:06.899Z"}
{"level":"info","message":"Request Body, undefined","service":"api-gateway","timestamp":"2025-10-08T18:56:06.899Z"}
{"level":"info","message":"Response received from media Service:500","service":"api-gateway","timestamp":"2025-10-08T18:56:11.994Z"}
{"level":"info","message":"Recieved POST request to /v1/media/upload-media","service":"api-gateway","timestamp":"2025-10-08T18:57:03.642Z"}
{"level":"info","message":"Request Body, undefined","service":"api-gateway","timestamp":"2025-10-08T18:57:03.643Z"}
{"level":"info","message":"Response received from media Service:500","service":"api-gateway","timestamp":"2025-10-08T18:57:07.991Z"}
{"level":"info","message":"Recieved POST request to /v1/media/upload-media","service":"api-gateway","timestamp":"2025-10-08T18:59:15.513Z"}
{"level":"info","message":"Request Body, undefined","service":"api-gateway","timestamp":"2025-10-08T18:59:15.514Z"}
{"level":"info","message":"Response received from media Service:500","service":"api-gateway","timestamp":"2025-10-08T18:59:18.910Z"}
{"level":"info","message":"Recieved POST request to /v1/media/upload-media","service":"api-gateway","timestamp":"2025-10-08T19:01:19.040Z"}
{"level":"info","message":"Request Body, undefined","service":"api-gateway","timestamp":"2025-10-08T19:01:19.041Z"}
{"level":"info","message":"Response received from media Service:500","service":"api-gateway","timestamp":"2025-10-08T19:01:19.140Z"}
{"level":"info","message":"Recieved POST request to /v1/media/upload-media","service":"api-gateway","timestamp":"2025-10-08T19:01:39.787Z"}
{"level":"info","message":"Request Body, undefined","service":"api-gateway","timestamp":"2025-10-08T19:01:39.788Z"}
{"level":"info","message":"Response received from media Service:201","service":"api-gateway","timestamp":"2025-10-08T19:01:45.381Z"}
{"level":"info","message":"Api Gateway is running at PORT:3000","service":"api-gateway","timestamp":"2025-10-08T19:02:18.504Z"}
{"level":"info","message":"Identity Service is running at PORT:http://localhost:3001","service":"api-gateway","timestamp":"2025-10-08T19:02:18.507Z"}
{"level":"info","message":"Post Service is running at PORT:http://localhost:3002","service":"api-gateway","timestamp":"2025-10-08T19:02:18.507Z"}
{"level":"info","message":"Media Service is running at PORT:http://localhost:3003","service":"api-gateway","timestamp":"2025-10-08T19:02:18.507Z"}
{"level":"info","message":"Redis URL:redis://localhost:6379","service":"api-gateway","timestamp":"2025-10-08T19:02:18.508Z"}
{"level":"info","message":"Api Gateway is running at PORT:3000","service":"api-gateway","timestamp":"2025-10-10T16:52:54.874Z"}
{"level":"info","message":"Identity Service is running at PORT:http://localhost:3001","service":"api-gateway","timestamp":"2025-10-10T16:52:54.877Z"}
{"level":"info","message":"Post Service is running at PORT:http://localhost:3002","service":"api-gateway","timestamp":"2025-10-10T16:52:54.877Z"}
{"level":"info","message":"Media Service is running at PORT:http://localhost:3003","service":"api-gateway","timestamp":"2025-10-10T16:52:54.878Z"}
{"level":"info","message":"Redis URL:redis://localhost:6379","service":"api-gateway","timestamp":"2025-10-10T16:52:54.878Z"}
{"level":"info","message":"Recieved POST request to /v1/auth/login","service":"api-gateway","timestamp":"2025-10-10T16:59:49.832Z"}
{"level":"info","message":"Request Body, [object Object]","service":"api-gateway","timestamp":"2025-10-10T16:59:49.832Z"}
{"level":"info","message":"Response received from Identity Service:201","service":"api-gateway","timestamp":"2025-10-10T16:59:50.120Z"}
{"level":"info","message":"Recieved POST request to /v1/media/upload-media","service":"api-gateway","timestamp":"2025-10-10T16:59:58.950Z"}
{"level":"info","message":"Request Body, undefined","service":"api-gateway","timestamp":"2025-10-10T16:59:58.950Z"}
{"level":"error","message":"Invalid Token","service":"api-gateway","timestamp":"2025-10-10T16:59:58.954Z"}
{"level":"info","message":"Recieved POST request to /v1/media/upload-media","service":"api-gateway","timestamp":"2025-10-10T17:00:06.535Z"}
{"level":"info","message":"Request Body, undefined","service":"api-gateway","timestamp":"2025-10-10T17:00:06.535Z"}
{"level":"info","message":"Response received from media Service:201","service":"api-gateway","timestamp":"2025-10-10T17:00:14.340Z"}
{"level":"info","message":"Recieved POST request to /v1/posts/create-post","service":"api-gateway","timestamp":"2025-10-10T17:23:46.523Z"}
{"level":"info","message":"Request Body, [object Object]","service":"api-gateway","timestamp":"2025-10-10T17:23:46.524Z"}
{"level":"error","message":"Invalid Token","service":"api-gateway","timestamp":"2025-10-10T17:23:46.533Z"}
{"level":"info","message":"Recieved POST request to /v1/auth/login","service":"api-gateway","timestamp":"2025-10-10T17:24:16.601Z"}
{"level":"info","message":"Request Body, [object Object]","service":"api-gateway","timestamp":"2025-10-10T17:24:16.602Z"}
{"level":"info","message":"Response received from Identity Service:201","service":"api-gateway","timestamp":"2025-10-10T17:24:16.929Z"}
{"level":"info","message":"Recieved POST request to /v1/posts/create-post","service":"api-gateway","timestamp":"2025-10-10T17:24:38.074Z"}
{"level":"info","message":"Request Body, [object Object]","service":"api-gateway","timestamp":"2025-10-10T17:24:38.075Z"}
{"level":"info","message":"Response received from Post Service:400","service":"api-gateway","timestamp":"2025-10-10T17:24:38.172Z"}
{"level":"info","message":"Recieved POST request to /v1/posts/create-post","service":"api-gateway","timestamp":"2025-10-10T17:25:03.925Z"}
{"level":"info","message":"Request Body, [object Object]","service":"api-gateway","timestamp":"2025-10-10T17:25:03.925Z"}
{"level":"info","message":"Response received from Post Service:400","service":"api-gateway","timestamp":"2025-10-10T17:25:03.931Z"}
{"level":"info","message":"Recieved POST request to /v1/posts/create-post","service":"api-gateway","timestamp":"2025-10-10T17:25:24.959Z"}
{"level":"info","message":"Request Body, [object Object]","service":"api-gateway","timestamp":"2025-10-10T17:25:24.959Z"}
{"level":"info","message":"Response received from Post Service:201","service":"api-gateway","timestamp":"2025-10-10T17:25:25.240Z"}
{"level":"info","message":"Recieved GET request to /v1/posts/getall-posts","service":"api-gateway","timestamp":"2025-10-10T17:26:31.523Z"}
{"level":"info","message":"Request Body, undefined","service":"api-gateway","timestamp":"2025-10-10T17:26:31.523Z"}
{"level":"info","message":"Response received from Post Service:200","service":"api-gateway","timestamp":"2025-10-10T17:26:31.698Z"}
{"level":"info","message":"Api Gateway is running at PORT:3000","service":"api-gateway","timestamp":"2025-10-10T19:08:03.043Z"}
{"level":"info","message":"Identity Service is running at PORT:http://localhost:3001","service":"api-gateway","timestamp":"2025-10-10T19:08:03.045Z"}
{"level":"info","message":"Post Service is running at PORT:http://localhost:3002","service":"api-gateway","timestamp":"2025-10-10T19:08:03.046Z"}
{"level":"info","message":"Media Service is running at PORT:http://localhost:3003","service":"api-gateway","timestamp":"2025-10-10T19:08:03.046Z"}
{"level":"info","message":"Redis URL:redis://localhost:6379","service":"api-gateway","timestamp":"2025-10-10T19:08:03.047Z"}
{"level":"info","message":"Api Gateway is running at PORT:3000","service":"api-gateway","timestamp":"2025-10-11T10:02:13.096Z"}
{"level":"info","message":"Identity Service is running at PORT:http://localhost:3001","service":"api-gateway","timestamp":"2025-10-11T10:02:13.100Z"}
{"level":"info","message":"Post Service is running at PORT:http://localhost:3002","service":"api-gateway","timestamp":"2025-10-11T10:02:13.101Z"}
{"level":"info","message":"Media Service is running at PORT:http://localhost:3003","service":"api-gateway","timestamp":"2025-10-11T10:02:13.101Z"}
{"level":"info","message":"Redis URL:redis://localhost:6379","service":"api-gateway","timestamp":"2025-10-11T10:02:13.102Z"}
{"level":"info","message":"Recieved POST request to /v1/auth/login","service":"api-gateway","timestamp":"2025-10-11T10:02:55.624Z"}
{"level":"info","message":"Request Body, [object Object]","service":"api-gateway","timestamp":"2025-10-11T10:02:55.626Z"}
{"level":"info","message":"Response received from Identity Service:201","service":"api-gateway","timestamp":"2025-10-11T10:02:56.118Z"}
{"level":"info","message":"Recieved POST request to /v1/media/upload-media","service":"api-gateway","timestamp":"2025-10-11T10:03:28.566Z"}
{"level":"info","message":"Request Body, undefined","service":"api-gateway","timestamp":"2025-10-11T10:03:28.567Z"}
{"level":"error","message":"Invalid Token","service":"api-gateway","timestamp":"2025-10-11T10:03:28.577Z"}
{"level":"info","message":"Recieved POST request to /v1/media/upload-media","service":"api-gateway","timestamp":"2025-10-11T10:03:38.531Z"}
{"level":"info","message":"Request Body, undefined","service":"api-gateway","timestamp":"2025-10-11T10:03:38.532Z"}
{"level":"error","message":"Invalid Token","service":"api-gateway","timestamp":"2025-10-11T10:03:38.537Z"}
{"level":"info","message":"Recieved POST request to /v1/auth/login","service":"api-gateway","timestamp":"2025-10-11T10:03:44.449Z"}
{"level":"info","message":"Request Body, [object Object]","service":"api-gateway","timestamp":"2025-10-11T10:03:44.450Z"}
{"level":"info","message":"Response received from Identity Service:201","service":"api-gateway","timestamp":"2025-10-11T10:03:44.892Z"}
{"level":"info","message":"Recieved POST request to /v1/media/upload-media","service":"api-gateway","timestamp":"2025-10-11T10:04:01.172Z"}
{"level":"info","message":"Request Body, undefined","service":"api-gateway","timestamp":"2025-10-11T10:04:01.173Z"}
{"level":"info","message":"Response received from media Service:201","service":"api-gateway","timestamp":"2025-10-11T10:04:05.631Z"}
{"level":"info","message":"Recieved POST request to /v1/posts/create-post","service":"api-gateway","timestamp":"2025-10-11T10:04:47.471Z"}
{"level":"info","message":"Request Body, [object Object]","service":"api-gateway","timestamp":"2025-10-11T10:04:47.474Z"}
{"level":"info","message":"Response received from Post Service:201","service":"api-gateway","timestamp":"2025-10-11T10:04:47.647Z"}
{"level":"info","message":"Recieved GET request to /v1/posts/getall-posts","service":"api-gateway","timestamp":"2025-10-11T10:04:54.003Z"}
{"level":"info","message":"Request Body, undefined","service":"api-gateway","timestamp":"2025-10-11T10:04:54.005Z"}
{"level":"error","message":"Invalid Token","service":"api-gateway","timestamp":"2025-10-11T10:04:54.010Z"}
{"level":"info","message":"Recieved GET request to /v1/posts/getall-posts","service":"api-gateway","timestamp":"2025-10-11T10:05:15.064Z"}
{"level":"info","message":"Request Body, undefined","service":"api-gateway","timestamp":"2025-10-11T10:05:15.064Z"}
{"level":"info","message":"Response received from Post Service:200","service":"api-gateway","timestamp":"2025-10-11T10:05:15.265Z"}
{"level":"info","message":"Recieved DELETE request to /v1/posts/68ea2bbf44b8995069294c77","service":"api-gateway","timestamp":"2025-10-11T10:07:35.964Z"}
{"level":"info","message":"Request Body, undefined","service":"api-gateway","timestamp":"2025-10-11T10:07:35.965Z"}
{"level":"info","message":"Response received from Post Service:200","service":"api-gateway","timestamp":"2025-10-11T10:07:36.063Z"}
{"level":"info","message":"Recieved GET request to /v1/posts/getall-posts","service":"api-gateway","timestamp":"2025-10-11T10:07:44.710Z"}
{"level":"info","message":"Request Body, undefined","service":"api-gateway","timestamp":"2025-10-11T10:07:44.711Z"}
{"level":"info","message":"Response received from Post Service:200","service":"api-gateway","timestamp":"2025-10-11T10:07:44.851Z"}
{"level":"info","message":"Recieved POST request to /v1/posts/create-post","service":"api-gateway","timestamp":"2025-10-11T10:20:20.064Z"}
{"level":"info","message":"Request Body, [object Object]","service":"api-gateway","timestamp":"2025-10-11T10:20:20.065Z"}
{"level":"info","message":"Response received from Post Service:201","service":"api-gateway","timestamp":"2025-10-11T10:20:20.191Z"}
{"level":"info","message":"Recieved POST request to /v1/media/upload-media","service":"api-gateway","timestamp":"2025-10-11T10:20:36.020Z"}
{"level":"info","message":"Request Body, undefined","service":"api-gateway","timestamp":"2025-10-11T10:20:36.021Z"}
{"level":"error","message":"Proxy error: ","service":"api-gateway","timestamp":"2025-10-11T10:20:36.030Z"}
{"level":"info","message":"Recieved POST request to /v1/media/upload-media","service":"api-gateway","timestamp":"2025-10-11T10:20:52.186Z"}
{"level":"info","message":"Request Body, undefined","service":"api-gateway","timestamp":"2025-10-11T10:20:52.186Z"}
{"level":"info","message":"Response received from media Service:201","service":"api-gateway","timestamp":"2025-10-11T10:20:55.445Z"}
{"level":"info","message":"Recieved POST request to /v1/posts/create-post","service":"api-gateway","timestamp":"2025-10-11T10:21:18.472Z"}
{"level":"info","message":"Request Body, [object Object]","service":"api-gateway","timestamp":"2025-10-11T10:21:18.472Z"}
{"level":"info","message":"Response received from Post Service:201","service":"api-gateway","timestamp":"2025-10-11T10:21:18.562Z"}
{"level":"info","message":"Recieved GET request to /v1/posts/getall-posts","service":"api-gateway","timestamp":"2025-10-11T10:21:41.167Z"}
{"level":"info","message":"Request Body, undefined","service":"api-gateway","timestamp":"2025-10-11T10:21:41.168Z"}
{"level":"info","message":"Response received from Post Service:200","service":"api-gateway","timestamp":"2025-10-11T10:21:41.324Z"}
{"level":"info","message":"Recieved DELETE request to /v1/posts/68ea2f9e44b8995069294c80","service":"api-gateway","timestamp":"2025-10-11T10:22:04.529Z"}
{"level":"info","message":"Request Body, undefined","service":"api-gateway","timestamp":"2025-10-11T10:22:04.530Z"}
{"level":"info","message":"Response received from Post Service:200","service":"api-gateway","timestamp":"2025-10-11T10:22:04.627Z"}
{"level":"info","message":"Api Gateway is running at PORT:3000","service":"api-gateway","timestamp":"2025-10-11T11:17:09.034Z"}
{"level":"info","message":"Identity Service is running at PORT:http://localhost:3001","service":"api-gateway","timestamp":"2025-10-11T11:17:09.036Z"}
{"level":"info","message":"Post Service is running at PORT:http://localhost:3002","service":"api-gateway","timestamp":"2025-10-11T11:17:09.036Z"}
{"level":"info","message":"Media Service is running at PORT:http://localhost:3003","service":"api-gateway","timestamp":"2025-10-11T11:17:09.037Z"}
{"level":"info","message":"Redis URL:redis://localhost:6379","service":"api-gateway","timestamp":"2025-10-11T11:17:09.037Z"}
{"level":"info","message":"Api Gateway is running at PORT:3000","service":"api-gateway","timestamp":"2025-10-12T18:18:07.419Z"}
{"level":"info","message":"Identity Service is running at PORT:http://localhost:3001","service":"api-gateway","timestamp":"2025-10-12T18:18:07.422Z"}
{"level":"info","message":"Post Service is running at PORT:http://localhost:3002","service":"api-gateway","timestamp":"2025-10-12T18:18:07.422Z"}
{"level":"info","message":"Media Service is running at PORT:http://localhost:3003","service":"api-gateway","timestamp":"2025-10-12T18:18:07.423Z"}
{"level":"info","message":"Search Service is running at PORT:http://localhost:3004","service":"api-gateway","timestamp":"2025-10-12T18:18:07.423Z"}
{"level":"info","message":"Redis URL:redis://localhost:6379","service":"api-gateway","timestamp":"2025-10-12T18:18:07.423Z"}
{"level":"info","message":"Recieved POST request to /v1/search/h","service":"api-gateway","timestamp":"2025-10-12T18:24:33.938Z"}
{"level":"info","message":"Request Body, undefined","service":"api-gateway","timestamp":"2025-10-12T18:24:33.939Z"}
{"level":"error","message":"Error Ocurred while verifying token","service":"api-gateway","timestamp":"2025-10-12T18:24:33.949Z"}
{"level":"info","message":"Recieved POST request to /v1/auth/login","service":"api-gateway","timestamp":"2025-10-12T18:25:10.567Z"}
{"level":"info","message":"Request Body, [object Object]","service":"api-gateway","timestamp":"2025-10-12T18:25:10.568Z"}
{"level":"info","message":"Response received from Identity Service:201","service":"api-gateway","timestamp":"2025-10-12T18:25:10.945Z"}
{"level":"info","message":"Recieved POST request to /v1/search/h","service":"api-gateway","timestamp":"2025-10-12T18:25:34.567Z"}
{"level":"info","message":"Request Body, undefined","service":"api-gateway","timestamp":"2025-10-12T18:25:34.568Z"}
{"level":"error","message":"Proxy error: ","service":"api-gateway","timestamp":"2025-10-12T18:25:34.587Z"}
{"level":"info","message":"Recieved POST request to /v1/search/h","service":"api-gateway","timestamp":"2025-10-12T18:26:22.039Z"}
{"level":"info","message":"Request Body, undefined","service":"api-gateway","timestamp":"2025-10-12T18:26:22.040Z"}
{"level":"info","message":"Response received from Search Service:404","service":"api-gateway","timestamp":"2025-10-12T18:26:22.068Z"}
{"level":"info","message":"Recieved POST request to /v1/search/search-post/h","service":"api-gateway","timestamp":"2025-10-12T18:27:11.662Z"}
{"level":"info","message":"Request Body, undefined","service":"api-gateway","timestamp":"2025-10-12T18:27:11.663Z"}
{"level":"info","message":"Response received from Search Service:404","service":"api-gateway","timestamp":"2025-10-12T18:27:11.690Z"}
{"level":"info","message":"Recieved POST request to /v1/posts/create-post","service":"api-gateway","timestamp":"2025-10-12T18:28:07.444Z"}
{"level":"info","message":"Request Body, [object Object]","service":"api-gateway","timestamp":"2025-10-12T18:28:07.445Z"}
{"level":"info","message":"Response received from Post Service:201","service":"api-gateway","timestamp":"2025-10-12T18:28:07.648Z"}
{"level":"info","message":"Api Gateway is running at PORT:3000","service":"api-gateway","timestamp":"2025-10-12T18:47:25.611Z"}
{"level":"info","message":"Identity Service is running at PORT:http://localhost:3001","service":"api-gateway","timestamp":"2025-10-12T18:47:25.614Z"}
{"level":"info","message":"Post Service is running at PORT:http://localhost:3002","service":"api-gateway","timestamp":"2025-10-12T18:47:25.615Z"}
{"level":"info","message":"Media Service is running at PORT:http://localhost:3003","service":"api-gateway","timestamp":"2025-10-12T18:47:25.615Z"}
{"level":"info","message":"Search Service is running at PORT:http://localhost:3004","service":"api-gateway","timestamp":"2025-10-12T18:47:25.615Z"}
{"level":"info","message":"Redis URL:redis://localhost:6379","service":"api-gateway","timestamp":"2025-10-12T18:47:25.615Z"}
{"level":"info","message":"Api Gateway is running at PORT:3000","service":"api-gateway","timestamp":"2025-10-12T18:54:06.984Z"}
{"level":"info","message":"Identity Service is running at PORT:http://localhost:3001","service":"api-gateway","timestamp":"2025-10-12T18:54:06.988Z"}
{"level":"info","message":"Post Service is running at PORT:http://localhost:3002","service":"api-gateway","timestamp":"2025-10-12T18:54:06.988Z"}
{"level":"info","message":"Media Service is running at PORT:http://localhost:3003","service":"api-gateway","timestamp":"2025-10-12T18:54:06.988Z"}
{"level":"info","message":"Search Service is running at PORT:http://localhost:3004","service":"api-gateway","timestamp":"2025-10-12T18:54:06.989Z"}
{"level":"info","message":"Redis URL:redis://localhost:6379","service":"api-gateway","timestamp":"2025-10-12T18:54:06.989Z"}
{"level":"info","message":"Recieved POST request to /v1/posts/create-post","service":"api-gateway","timestamp":"2025-10-12T18:54:09.070Z"}
{"level":"info","message":"Request Body, [object Object]","service":"api-gateway","timestamp":"2025-10-12T18:54:09.070Z"}
{"level":"info","message":"Response received from Post Service:201","service":"api-gateway","timestamp":"2025-10-12T18:54:09.277Z"}
{"level":"info","message":"Recieved POST request to /v1/search/search-post/h","service":"api-gateway","timestamp":"2025-10-12T18:54:41.682Z"}
{"level":"info","message":"Request Body, undefined","service":"api-gateway","timestamp":"2025-10-12T18:54:41.684Z"}
{"level":"info","message":"Response received from Search Service:404","service":"api-gateway","timestamp":"2025-10-12T18:54:41.776Z"}
{"level":"info","message":"Api Gateway is running at PORT:3000","service":"api-gateway","timestamp":"2025-10-12T19:02:02.002Z"}
{"level":"info","message":"Identity Service is running at PORT:http://localhost:3001","service":"api-gateway","timestamp":"2025-10-12T19:02:02.005Z"}
{"level":"info","message":"Post Service is running at PORT:http://localhost:3002","service":"api-gateway","timestamp":"2025-10-12T19:02:02.006Z"}
{"level":"info","message":"Media Service is running at PORT:http://localhost:3003","service":"api-gateway","timestamp":"2025-10-12T19:02:02.007Z"}
{"level":"info","message":"Search Service is running at PORT:http://localhost:3004","service":"api-gateway","timestamp":"2025-10-12T19:02:02.007Z"}
{"level":"info","message":"Redis URL:redis://localhost:6379","service":"api-gateway","timestamp":"2025-10-12T19:02:02.007Z"}
