{"level":"error","message":"Proxy error: ","service":"api-gateway","timestamp":"2025-09-30T17:41:09.383Z"}
{"level":"error","message":"Proxy error: ","service":"api-gateway","timestamp":"2025-10-05T15:45:41.598Z"}
{"level":"error","message":"Error Ocurred while verifying token","service":"api-gateway","timestamp":"2025-10-05T15:47:20.613Z"}
{"level":"error","message":"Proxy error: ","service":"api-gateway","timestamp":"2025-10-05T15:48:30.061Z"}
{"level":"error","message":"Proxy error: ","service":"api-gateway","timestamp":"2025-10-05T15:49:23.364Z"}
{"level":"error","message":"Invalid Token","service":"api-gateway","timestamp":"2025-10-05T15:50:51.865Z"}
{"level":"error","message":"Proxy error: ","service":"api-gateway","timestamp":"2025-10-05T15:58:27.790Z"}
{"level":"error","message":"Error Ocurred while verifying token","service":"api-gateway","timestamp":"2025-10-05T16:29:42.065Z"}
{"level":"error","message":"Proxy error: socket hang up","service":"api-gateway","timestamp":"2025-10-05T16:31:25.310Z"}
{"level":"error","message":"Invalid Token","service":"api-gateway","timestamp":"2025-10-05T16:31:31.658Z"}
{"level":"error","message":"Invalid Token","service":"api-gateway","timestamp":"2025-10-05T16:31:51.312Z"}
{"level":"error","message":"Proxy error: read ECONNRESET","service":"api-gateway","timestamp":"2025-10-05T16:35:14.144Z"}
{"level":"error","message":"Proxy error: socket hang up","service":"api-gateway","timestamp":"2025-10-05T16:38:30.879Z"}
{"level":"error","message":"Proxy error: read ECONNRESET","service":"api-gateway","timestamp":"2025-10-05T16:39:11.818Z"}
{"level":"error","message":"Proxy error: read ECONNRESET","service":"api-gateway","timestamp":"2025-10-05T16:49:13.478Z"}
{"level":"error","message":"Proxy error: socket hang up","service":"api-gateway","timestamp":"2025-10-05T16:52:06.704Z"}
{"level":"error","message":"Proxy error: socket hang up","service":"api-gateway","timestamp":"2025-10-05T16:52:59.163Z"}
{"level":"error","message":"Proxy error: socket hang up","service":"api-gateway","timestamp":"2025-10-05T16:57:54.732Z"}
{"level":"error","message":"Proxy error: socket hang up","service":"api-gateway","timestamp":"2025-10-05T16:57:58.775Z"}
{"level":"error","message":"Proxy error: read ECONNRESET","service":"api-gateway","timestamp":"2025-10-05T17:01:06.563Z"}
{"level":"error","message":"Error Ocurred while verifying token","service":"api-gateway","timestamp":"2025-10-07T16:06:09.331Z"}
{"level":"error","message":"Proxy error: ","service":"api-gateway","timestamp":"2025-10-07T16:06:29.223Z"}
{"level":"error","message":"Invalid Token","service":"api-gateway","timestamp":"2025-10-07T16:08:06.416Z"}
{"level":"error","message":"Proxy error: ","service":"api-gateway","timestamp":"2025-10-08T18:41:17.694Z"}
{"level":"error","message":"Error Ocurred while verifying token","service":"api-gateway","timestamp":"2025-10-08T18:42:43.720Z"}
{"level":"error","message":"Proxy error: Cannot read properties of undefined (reading 'startsWith')","service":"api-gateway","timestamp":"2025-10-08T18:43:45.015Z"}
{"level":"error","message":"Invalid Token","service":"api-gateway","timestamp":"2025-10-10T16:59:58.954Z"}
{"level":"error","message":"Invalid Token","service":"api-gateway","timestamp":"2025-10-10T17:23:46.533Z"}
{"level":"error","message":"Invalid Token","service":"api-gateway","timestamp":"2025-10-11T10:03:28.577Z"}
{"level":"error","message":"Invalid Token","service":"api-gateway","timestamp":"2025-10-11T10:03:38.537Z"}
{"level":"error","message":"Invalid Token","service":"api-gateway","timestamp":"2025-10-11T10:04:54.010Z"}
{"level":"error","message":"Proxy error: ","service":"api-gateway","timestamp":"2025-10-11T10:20:36.030Z"}
{"level":"error","message":"Error Ocurred while verifying token","service":"api-gateway","timestamp":"2025-10-12T18:24:33.949Z"}
{"level":"error","message":"Proxy error: ","service":"api-gateway","timestamp":"2025-10-12T18:25:34.587Z"}
