{"level":"info","message":"Post Service is Running at PORT:3002","service":"post-service","timestamp":"2025-10-04T16:52:56.755Z"}
{"level":"info","message":"DB CONNECTION SUCESSFULL","service":"post-service","timestamp":"2025-10-04T16:52:58.118Z"}
{"level":"info","message":"Post Service is Running at PORT:3002","service":"post-service","timestamp":"2025-10-05T15:50:18.108Z"}
{"level":"info","message":"DB CONNECTION SUCESSFULL","service":"post-service","timestamp":"2025-10-05T15:50:19.213Z"}
{"level":"info","message":"Recieved POST request to /api/posts/create-post","service":"post-service","timestamp":"2025-10-05T15:50:28.061Z"}
{"level":"info","message":"Request Body, [object Object]","service":"post-service","timestamp":"2025-10-05T15:50:28.062Z"}
{"_message":"Post validation failed","errors":{"content":{"kind":"required","message":"Path `content` is required.","name":"ValidatorError","path":"content","properties":{"message":"Path `content` is required.","path":"content","type":"required"}}},"level":"error","message":"Error Occured in Creating Post Post validation failed: content: Path `content` is required.","service":"post-service","stack":"ValidationError: Post validation failed: content: Path `content` is required.\n    at Document.invalidate (C:\\Users\\rajpu\\Desktop\\Social-Media-Microservices\\post-service\\node_modules\\mongoose\\lib\\document.js:3362:32)\n    at C:\\Users\\rajpu\\Desktop\\Social-Media-Microservices\\post-service\\node_modules\\mongoose\\lib\\document.js:3123:17\n    at C:\\Users\\rajpu\\Desktop\\Social-Media-Microservices\\post-service\\node_modules\\mongoose\\lib\\schemaType.js:1417:9\n    at process.processTicksAndRejections (node:internal/process/task_queues:77:11)","timestamp":"2025-10-05T15:50:28.090Z"}
{"level":"info","message":"Recieved POST request to /api/posts/create-post","service":"post-service","timestamp":"2025-10-05T15:50:59.420Z"}
{"level":"info","message":"Request Body, [object Object]","service":"post-service","timestamp":"2025-10-05T15:50:59.421Z"}
{"_message":"Post validation failed","errors":{"content":{"kind":"required","message":"Path `content` is required.","name":"ValidatorError","path":"content","properties":{"message":"Path `content` is required.","path":"content","type":"required"}}},"level":"error","message":"Error Occured in Creating Post Post validation failed: content: Path `content` is required.","service":"post-service","stack":"ValidationError: Post validation failed: content: Path `content` is required.\n    at Document.invalidate (C:\\Users\\rajpu\\Desktop\\Social-Media-Microservices\\post-service\\node_modules\\mongoose\\lib\\document.js:3362:32)\n    at C:\\Users\\rajpu\\Desktop\\Social-Media-Microservices\\post-service\\node_modules\\mongoose\\lib\\document.js:3123:17\n    at C:\\Users\\rajpu\\Desktop\\Social-Media-Microservices\\post-service\\node_modules\\mongoose\\lib\\schemaType.js:1417:9\n    at process.processTicksAndRejections (node:internal/process/task_queues:77:11)","timestamp":"2025-10-05T15:50:59.427Z"}
{"level":"info","message":"Post Service is Running at PORT:3002","service":"post-service","timestamp":"2025-10-05T15:52:40.896Z"}
{"level":"info","message":"DB CONNECTION SUCESSFULL","service":"post-service","timestamp":"2025-10-05T15:52:42.031Z"}
{"level":"info","message":"Post Service is Running at PORT:3002","service":"post-service","timestamp":"2025-10-05T15:58:36.799Z"}
{"level":"info","message":"DB CONNECTION SUCESSFULL","service":"post-service","timestamp":"2025-10-05T15:58:37.709Z"}
{"level":"info","message":"Recieved POST request to /api/posts/create-post","service":"post-service","timestamp":"2025-10-05T15:58:40.322Z"}
{"level":"info","message":"Request Body, [object Object]","service":"post-service","timestamp":"2025-10-05T15:58:40.323Z"}
{"level":"info","message":"Create Post Endpoints Hits...","service":"post-service","timestamp":"2025-10-05T15:58:40.327Z"}
{"0":"\"","1":"c","10":"i","11":"s","12":" ","13":"r","14":"e","15":"q","16":"u","17":"i","18":"r","19":"e","2":"o","20":"d","3":"n","4":"t","5":"e","6":"n","7":"t","8":"\"","9":" ","level":"warn","message":"Validation Error","service":"post-service","timestamp":"2025-10-05T15:58:40.330Z"}
{"level":"info","message":"Recieved POST request to /api/posts/create-post","service":"post-service","timestamp":"2025-10-05T15:58:56.170Z"}
{"level":"info","message":"Request Body, [object Object]","service":"post-service","timestamp":"2025-10-05T15:58:56.171Z"}
{"level":"info","message":"Create Post Endpoints Hits...","service":"post-service","timestamp":"2025-10-05T15:58:56.175Z"}
{"level":"info","message":"Post Service is Running at PORT:3002","service":"post-service","timestamp":"2025-10-05T15:59:14.164Z"}
{"level":"info","message":"DB CONNECTION SUCESSFULL","service":"post-service","timestamp":"2025-10-05T15:59:15.434Z"}
{"level":"info","message":"Post Service is Running at PORT:3002","service":"post-service","timestamp":"2025-10-05T15:59:17.073Z"}
