{"level":"info","message":"Identity Service is Running at PORT:3001","service":"identity-service","timestamp":"2025-09-29T10:37:52.430Z"}
{"level":"info","message":"Connect to redis","service":"identity-service","timestamp":"2025-09-29T10:37:52.448Z"}
{"level":"info","message":"DB CONNECTION SUCESSFULL","service":"identity-service","timestamp":"2025-09-29T10:37:53.648Z"}
{"level":"info","message":"Recieved GET request to /api/auth/register","service":"identity-service","timestamp":"2025-09-29T12:06:18.027Z"}
{"level":"info","message":"Request Body, [object Object]","service":"identity-service","timestamp":"2025-09-29T12:06:18.028Z"}
{"level":"info","message":"Recieved POST request to /api/auth/register","service":"identity-service","timestamp":"2025-09-29T12:06:25.422Z"}
{"level":"info","message":"Request Body, [object Object]","service":"identity-service","timestamp":"2025-09-29T12:06:25.425Z"}
{"level":"info","message":"Ragistration endpoint hits...","service":"identity-service","timestamp":"2025-09-29T12:06:25.431Z"}
{"0":"\"","1":"p","10":" ","11":"m","12":"u","13":"s","14":"t","15":" ","16":"b","17":"e","18":" ","19":"a","2":"a","20":" ","21":"s","22":"t","23":"r","24":"i","25":"n","26":"g","3":"s","4":"s","5":"w","6":"o","7":"r","8":"d","9":"\"","level":"warn","message":"Validation Error","service":"identity-service","timestamp":"2025-09-29T12:06:25.452Z"}
{"level":"info","message":"Recieved POST request to /api/auth/register","service":"identity-service","timestamp":"2025-09-29T12:07:40.284Z"}
{"level":"info","message":"Request Body, [object Object]","service":"identity-service","timestamp":"2025-09-29T12:07:40.285Z"}
{"level":"info","message":"Ragistration endpoint hits...","service":"identity-service","timestamp":"2025-09-29T12:07:40.289Z"}
{"0":"\"","1":"p","10":" ","11":"l","12":"e","13":"n","14":"g","15":"t","16":"h","17":" ","18":"m","19":"u","2":"a","20":"s","21":"t","22":" ","23":"b","24":"e","25":" ","26":"a","27":"t","28":" ","29":"l","3":"s","30":"e","31":"a","32":"s","33":"t","34":" ","35":"6","36":" ","37":"c","38":"h","39":"a","4":"s","40":"r","41":"a","42":"c","43":"t","44":"e","45":"r","46":"s","47":" ","48":"l","49":"o","5":"w","50":"n","51":"g","6":"o","7":"r","8":"d","9":"\"","level":"warn","message":"Validation Error","service":"identity-service","timestamp":"2025-09-29T12:07:40.292Z"}
{"level":"info","message":"Recieved POST request to /api/auth/register","service":"identity-service","timestamp":"2025-09-29T12:07:52.487Z"}
{"level":"info","message":"Request Body, [object Object]","service":"identity-service","timestamp":"2025-09-29T12:07:52.488Z"}
{"level":"info","message":"Ragistration endpoint hits...","service":"identity-service","timestamp":"2025-09-29T12:07:52.491Z"}
{"level":"error","message":"Registration Error Occurred","service":"identity-service","timestamp":"2025-09-29T12:07:52.493Z"}
{"level":"info","message":"Identity Service is Running at PORT:3001","service":"identity-service","timestamp":"2025-09-29T12:09:57.816Z"}
{"level":"info","message":"Connect to redis","service":"identity-service","timestamp":"2025-09-29T12:09:57.825Z"}
{"level":"info","message":"DB CONNECTION SUCESSFULL","service":"identity-service","timestamp":"2025-09-29T12:09:59.001Z"}
{"level":"info","message":"Recieved POST request to /api/auth/register","service":"identity-service","timestamp":"2025-09-29T12:10:01.960Z"}
{"level":"info","message":"Request Body, [object Object]","service":"identity-service","timestamp":"2025-09-29T12:10:01.960Z"}
{"level":"info","message":"Ragistration endpoint hits...","service":"identity-service","timestamp":"2025-09-29T12:10:01.964Z"}
{"buffer":{"data":[104,218,119,26,55,217,219,55,55,248,43,250],"type":"Buffer"},"level":"warn","message":"User Sucessfully created: ","service":"identity-service","timestamp":"2025-09-29T12:10:02.221Z"}
{"level":"info","message":"Identity Service is Running at PORT:3001","service":"identity-service","timestamp":"2025-09-29T12:10:33.740Z"}
{"level":"info","message":"Connect to redis","service":"identity-service","timestamp":"2025-09-29T12:10:33.747Z"}
{"level":"info","message":"DB CONNECTION SUCESSFULL","service":"identity-service","timestamp":"2025-09-29T12:10:34.499Z"}
{"level":"info","message":"Identity Service is Running at PORT:3001","service":"identity-service","timestamp":"2025-09-29T12:10:40.631Z"}
{"level":"info","message":"Connect to redis","service":"identity-service","timestamp":"2025-09-29T12:10:40.641Z"}
{"level":"info","message":"DB CONNECTION SUCESSFULL","service":"identity-service","timestamp":"2025-09-29T12:10:41.404Z"}
{"level":"info","message":"Identity Service is Running at PORT:3001","service":"identity-service","timestamp":"2025-09-29T12:10:56.220Z"}
{"level":"info","message":"Connect to redis","service":"identity-service","timestamp":"2025-09-29T12:10:56.227Z"}
{"level":"info","message":"DB CONNECTION SUCESSFULL","service":"identity-service","timestamp":"2025-09-29T12:10:57.141Z"}
{"level":"info","message":"Recieved POST request to /api/auth/register","service":"identity-service","timestamp":"2025-09-29T12:11:01.929Z"}
{"level":"info","message":"Request Body, [object Object]","service":"identity-service","timestamp":"2025-09-29T12:11:01.929Z"}
{"level":"info","message":"Ragistration endpoint hits...","service":"identity-service","timestamp":"2025-09-29T12:11:01.933Z"}
{"level":"warn","message":"User already exists!","service":"identity-service","timestamp":"2025-09-29T12:11:02.025Z"}
{"level":"info","message":"Recieved POST request to /api/auth/register","service":"identity-service","timestamp":"2025-09-29T12:11:10.232Z"}
{"level":"info","message":"Request Body, [object Object]","service":"identity-service","timestamp":"2025-09-29T12:11:10.233Z"}
{"level":"info","message":"Ragistration endpoint hits...","service":"identity-service","timestamp":"2025-09-29T12:11:10.238Z"}
{"level":"warn","message":"User already exists!","service":"identity-service","timestamp":"2025-09-29T12:11:10.349Z"}
{"level":"info","message":"Recieved POST request to /api/auth/register","service":"identity-service","timestamp":"2025-09-29T12:11:15.860Z"}
{"level":"info","message":"Request Body, [object Object]","service":"identity-service","timestamp":"2025-09-29T12:11:15.861Z"}
{"level":"info","message":"Ragistration endpoint hits...","service":"identity-service","timestamp":"2025-09-29T12:11:15.864Z"}
{"buffer":{"data":[104,218,119,99,227,72,228,21,201,184,141,41],"type":"Buffer"},"level":"warn","message":"User Sucessfully created: ","service":"identity-service","timestamp":"2025-09-29T12:11:16.180Z"}
{"level":"info","message":"Identity Service is Running at PORT:3001","service":"identity-service","timestamp":"2025-09-30T17:41:34.962Z"}
{"level":"info","message":"Connect to redis","service":"identity-service","timestamp":"2025-09-30T17:41:34.981Z"}
{"level":"info","message":"DB CONNECTION SUCESSFULL","service":"identity-service","timestamp":"2025-09-30T17:41:38.936Z"}
{"level":"info","message":"Recieved POST request to /api/auth/register","service":"identity-service","timestamp":"2025-09-30T17:41:39.744Z"}
{"level":"info","message":"Request Body, [object Object]","service":"identity-service","timestamp":"2025-09-30T17:41:39.744Z"}
{"level":"info","message":"Ragistration endpoint hits...","service":"identity-service","timestamp":"2025-09-30T17:41:39.751Z"}
{"level":"warn","message":"User already exists!","service":"identity-service","timestamp":"2025-09-30T17:41:39.854Z"}
{"level":"info","message":"Recieved POST request to /api/auth/register","service":"identity-service","timestamp":"2025-09-30T17:42:22.806Z"}
{"level":"info","message":"Request Body, [object Object]","service":"identity-service","timestamp":"2025-09-30T17:42:22.807Z"}
{"level":"info","message":"Ragistration endpoint hits...","service":"identity-service","timestamp":"2025-09-30T17:42:22.811Z"}
{"buffer":{"data":[104,220,22,126,185,148,201,172,32,11,223,191],"type":"Buffer"},"level":"warn","message":"User Sucessfully created: ","service":"identity-service","timestamp":"2025-09-30T17:42:23.189Z"}
{"level":"info","message":"Identity Service is Running at PORT:3001","service":"identity-service","timestamp":"2025-10-02T17:03:47.731Z"}
{"level":"info","message":"Connect to redis","service":"identity-service","timestamp":"2025-10-02T17:03:47.740Z"}
{"level":"info","message":"DB CONNECTION SUCESSFULL","service":"identity-service","timestamp":"2025-10-02T17:03:48.852Z"}
{"level":"info","message":"Recieved POST request to /api/auth/login","service":"identity-service","timestamp":"2025-10-02T17:04:42.973Z"}
{"level":"info","message":"Request Body, [object Object]","service":"identity-service","timestamp":"2025-10-02T17:04:42.974Z"}
{"level":"info","message":"Login endpoint hits...","service":"identity-service","timestamp":"2025-10-02T17:04:42.986Z"}
{"level":"info","message":"Identity Service is Running at PORT:3001","service":"identity-service","timestamp":"2025-10-02T17:07:23.789Z"}
{"level":"info","message":"Connect to redis","service":"identity-service","timestamp":"2025-10-02T17:07:23.798Z"}
{"level":"info","message":"DB CONNECTION SUCESSFULL","service":"identity-service","timestamp":"2025-10-02T17:07:24.638Z"}
{"level":"info","message":"Identity Service is Running at PORT:3001","service":"identity-service","timestamp":"2025-10-02T17:07:45.805Z"}
{"level":"info","message":"Connect to redis","service":"identity-service","timestamp":"2025-10-02T17:07:45.813Z"}
{"level":"info","message":"Identity Service is Running at PORT:3001","service":"identity-service","timestamp":"2025-10-02T17:07:46.913Z"}
{"level":"info","message":"Connect to redis","service":"identity-service","timestamp":"2025-10-02T17:07:46.923Z"}
{"level":"info","message":"DB CONNECTION SUCESSFULL","service":"identity-service","timestamp":"2025-10-02T17:07:47.614Z"}
{"level":"info","message":"Identity Service is Running at PORT:3001","service":"identity-service","timestamp":"2025-10-02T17:07:49.058Z"}
{"level":"info","message":"Connect to redis","service":"identity-service","timestamp":"2025-10-02T17:07:49.067Z"}
{"level":"info","message":"DB CONNECTION SUCESSFULL","service":"identity-service","timestamp":"2025-10-02T17:07:49.711Z"}
{"level":"info","message":"Identity Service is Running at PORT:3001","service":"identity-service","timestamp":"2025-10-02T17:07:53.675Z"}
{"level":"info","message":"Connect to redis","service":"identity-service","timestamp":"2025-10-02T17:07:53.681Z"}
{"level":"info","message":"DB CONNECTION SUCESSFULL","service":"identity-service","timestamp":"2025-10-02T17:07:54.398Z"}
{"level":"info","message":"Identity Service is Running at PORT:3001","service":"identity-service","timestamp":"2025-10-02T17:07:57.476Z"}
{"level":"info","message":"Connect to redis","service":"identity-service","timestamp":"2025-10-02T17:07:57.484Z"}
{"level":"info","message":"DB CONNECTION SUCESSFULL","service":"identity-service","timestamp":"2025-10-02T17:07:58.179Z"}
{"level":"info","message":"Identity Service is Running at PORT:3001","service":"identity-service","timestamp":"2025-10-02T17:07:59.372Z"}
{"level":"info","message":"Connect to redis","service":"identity-service","timestamp":"2025-10-02T17:07:59.380Z"}
{"level":"info","message":"DB CONNECTION SUCESSFULL","service":"identity-service","timestamp":"2025-10-02T17:08:00.072Z"}
{"level":"info","message":"Identity Service is Running at PORT:3001","service":"identity-service","timestamp":"2025-10-02T17:08:06.433Z"}
{"level":"info","message":"Connect to redis","service":"identity-service","timestamp":"2025-10-02T17:08:06.441Z"}
{"level":"info","message":"DB CONNECTION SUCESSFULL","service":"identity-service","timestamp":"2025-10-02T17:08:07.102Z"}
{"level":"info","message":"Identity Service is Running at PORT:3001","service":"identity-service","timestamp":"2025-10-02T17:08:11.300Z"}
{"level":"info","message":"Connect to redis","service":"identity-service","timestamp":"2025-10-02T17:08:11.307Z"}
{"level":"info","message":"DB CONNECTION SUCESSFULL","service":"identity-service","timestamp":"2025-10-02T17:08:12.018Z"}
{"level":"info","message":"Identity Service is Running at PORT:3001","service":"identity-service","timestamp":"2025-10-02T17:08:13.727Z"}
{"level":"info","message":"Connect to redis","service":"identity-service","timestamp":"2025-10-02T17:08:13.734Z"}
{"level":"info","message":"DB CONNECTION SUCESSFULL","service":"identity-service","timestamp":"2025-10-02T17:08:14.431Z"}
{"level":"info","message":"Identity Service is Running at PORT:3001","service":"identity-service","timestamp":"2025-10-02T17:08:24.923Z"}
{"level":"info","message":"Connect to redis","service":"identity-service","timestamp":"2025-10-02T17:08:24.931Z"}
{"level":"info","message":"DB CONNECTION SUCESSFULL","service":"identity-service","timestamp":"2025-10-02T17:08:25.950Z"}
{"level":"info","message":"Identity Service is Running at PORT:3001","service":"identity-service","timestamp":"2025-10-02T17:08:26.563Z"}
{"level":"info","message":"Connect to redis","service":"identity-service","timestamp":"2025-10-02T17:08:26.571Z"}
{"level":"info","message":"DB CONNECTION SUCESSFULL","service":"identity-service","timestamp":"2025-10-02T17:08:27.414Z"}
{"level":"info","message":"Identity Service is Running at PORT:3001","service":"identity-service","timestamp":"2025-10-02T17:08:33.765Z"}
{"level":"info","message":"Connect to redis","service":"identity-service","timestamp":"2025-10-02T17:08:33.773Z"}
{"level":"info","message":"DB CONNECTION SUCESSFULL","service":"identity-service","timestamp":"2025-10-02T17:08:34.487Z"}
{"level":"info","message":"Identity Service is Running at PORT:3001","service":"identity-service","timestamp":"2025-10-05T15:46:03.627Z"}
{"level":"info","message":"Connect to redis","service":"identity-service","timestamp":"2025-10-05T15:46:03.634Z"}
{"level":"info","message":"DB CONNECTION SUCESSFULL","service":"identity-service","timestamp":"2025-10-05T15:46:04.921Z"}
{"level":"info","message":"Recieved POST request to /api/auth/login","service":"identity-service","timestamp":"2025-10-05T15:46:06.950Z"}
{"level":"info","message":"Request Body, [object Object]","service":"identity-service","timestamp":"2025-10-05T15:46:06.950Z"}
{"level":"info","message":"Login endpoint hits...","service":"identity-service","timestamp":"2025-10-05T15:46:06.952Z"}
{"level":"info","message":"Recieved POST request to /api/auth/login","service":"identity-service","timestamp":"2025-10-05T16:32:09.280Z"}
{"level":"info","message":"Request Body, [object Object]","service":"identity-service","timestamp":"2025-10-05T16:32:09.283Z"}
{"level":"info","message":"Login endpoint hits...","service":"identity-service","timestamp":"2025-10-05T16:32:09.287Z"}
{"level":"info","message":"Identity Service is Running at PORT:3001","service":"identity-service","timestamp":"2025-10-05T16:51:13.590Z"}
{"level":"info","message":"Connect to redis","service":"identity-service","timestamp":"2025-10-05T16:51:13.596Z"}
{"level":"info","message":"DB CONNECTION SUCESSFULL","service":"identity-service","timestamp":"2025-10-05T16:51:14.515Z"}
{"level":"info","message":"Identity Service is Running at PORT:3001","service":"identity-service","timestamp":"2025-10-05T17:55:47.165Z"}
{"level":"info","message":"Connect to redis","service":"identity-service","timestamp":"2025-10-05T17:55:47.172Z"}
{"level":"info","message":"DB CONNECTION SUCESSFULL","service":"identity-service","timestamp":"2025-10-05T17:55:48.416Z"}
{"level":"info","message":"Identity Service is Running at PORT:3001","service":"identity-service","timestamp":"2025-10-07T16:07:01.523Z"}
{"level":"info","message":"Connect to redis","service":"identity-service","timestamp":"2025-10-07T16:07:01.555Z"}
{"level":"info","message":"DB CONNECTION SUCESSFULL","service":"identity-service","timestamp":"2025-10-07T16:07:02.479Z"}
{"level":"info","message":"Recieved POST request to /api/auth/login","service":"identity-service","timestamp":"2025-10-07T16:07:20.348Z"}
{"level":"info","message":"Request Body, [object Object]","service":"identity-service","timestamp":"2025-10-07T16:07:20.349Z"}
{"level":"info","message":"Login endpoint hits...","service":"identity-service","timestamp":"2025-10-07T16:07:20.356Z"}
{"level":"info","message":"Identity Service is Running at PORT:3001","service":"identity-service","timestamp":"2025-10-07T18:06:06.126Z"}
{"level":"info","message":"Connect to redis","service":"identity-service","timestamp":"2025-10-07T18:06:06.136Z"}
{"level":"info","message":"DB CONNECTION SUCESSFULL","service":"identity-service","timestamp":"2025-10-07T18:06:07.392Z"}
{"level":"info","message":"Identity Service is Running at PORT:3001","service":"identity-service","timestamp":"2025-10-08T18:41:35.843Z"}
{"level":"info","message":"Connect to redis","service":"identity-service","timestamp":"2025-10-08T18:41:35.850Z"}
{"level":"info","message":"DB CONNECTION SUCESSFULL","service":"identity-service","timestamp":"2025-10-08T18:41:38.933Z"}
{"level":"info","message":"Recieved POST request to /api/auth/login","service":"identity-service","timestamp":"2025-10-08T18:41:39.570Z"}
{"level":"info","message":"Request Body, [object Object]","service":"identity-service","timestamp":"2025-10-08T18:41:39.571Z"}
{"level":"info","message":"Login endpoint hits...","service":"identity-service","timestamp":"2025-10-08T18:41:39.573Z"}
{"level":"info","message":"Identity Service is Running at PORT:3001","service":"identity-service","timestamp":"2025-10-08T19:02:18.763Z"}
{"level":"info","message":"Connect to redis","service":"identity-service","timestamp":"2025-10-08T19:02:18.769Z"}
{"level":"info","message":"DB CONNECTION SUCESSFULL","service":"identity-service","timestamp":"2025-10-08T19:02:21.074Z"}
{"level":"info","message":"Identity Service is Running at PORT:3001","service":"identity-service","timestamp":"2025-10-10T16:53:28.178Z"}
{"level":"info","message":"Connect to redis","service":"identity-service","timestamp":"2025-10-10T16:53:28.185Z"}
{"level":"info","message":"DB CONNECTION SUCESSFULL","service":"identity-service","timestamp":"2025-10-10T16:53:29.129Z"}
{"level":"info","message":"Recieved POST request to /api/auth/login","service":"identity-service","timestamp":"2025-10-10T16:59:49.854Z"}
{"level":"info","message":"Request Body, [object Object]","service":"identity-service","timestamp":"2025-10-10T16:59:49.855Z"}
{"level":"info","message":"Login endpoint hits...","service":"identity-service","timestamp":"2025-10-10T16:59:49.857Z"}
{"level":"info","message":"Recieved POST request to /api/auth/login","service":"identity-service","timestamp":"2025-10-10T17:24:16.609Z"}
{"level":"info","message":"Request Body, [object Object]","service":"identity-service","timestamp":"2025-10-10T17:24:16.610Z"}
{"level":"info","message":"Login endpoint hits...","service":"identity-service","timestamp":"2025-10-10T17:24:16.612Z"}
{"level":"info","message":"Identity Service is Running at PORT:3001","service":"identity-service","timestamp":"2025-10-10T19:08:03.498Z"}
{"level":"info","message":"Connect to redis","service":"identity-service","timestamp":"2025-10-10T19:08:03.504Z"}
{"level":"info","message":"DB CONNECTION SUCESSFULL","service":"identity-service","timestamp":"2025-10-10T19:08:04.422Z"}
