{"level":"info","message":"Media Service is Running at PORT:3003","service":"media-service","timestamp":"2025-10-08T18:17:54.926Z"}
{"level":"info","message":"DB CONNECTION SUCESSFULL","service":"media-service","timestamp":"2025-10-08T18:17:57.175Z"}
{"level":"info","message":"Recieved POST request to /api/media/upload-media","service":"media-service","timestamp":"2025-10-08T18:44:42.485Z"}
{"level":"info","message":"Request Body, undefined","service":"media-service","timestamp":"2025-10-08T18:44:42.486Z"}
{"level":"error","message":"Unknown Error Occurred While uploading... Multipart: Boundary not found","service":"media-service","stack":"Error: Multipart: Boundary not found\n    at new Multipart (C:\\Users\\rajpu\\Desktop\\Social-Media-Microservices\\media-service\\node_modules\\busboy\\lib\\types\\multipart.js:233:13)\n    at getInstance (C:\\Users\\rajpu\\Desktop\\Social-Media-Microservices\\media-service\\node_modules\\busboy\\lib\\index.js:33:12)\n    at module.exports (C:\\Users\\rajpu\\Desktop\\Social-Media-Microservices\\media-service\\node_modules\\busboy\\lib\\index.js:56:10)\n    at multerMiddleware (C:\\Users\\rajpu\\Desktop\\Social-Media-Microservices\\media-service\\node_modules\\multer\\lib\\make-middleware.js:38:16)\n    at C:\\Users\\rajpu\\Desktop\\Social-Media-Microservices\\media-service\\src\\routes\\media-routes.js:19:5\n    at Layer.handleRequest (C:\\Users\\rajpu\\Desktop\\Social-Media-Microservices\\media-service\\node_modules\\router\\lib\\layer.js:152:17)\n    at next (C:\\Users\\rajpu\\Desktop\\Social-Media-Microservices\\media-service\\node_modules\\router\\lib\\route.js:157:13)\n    at auth (C:\\Users\\rajpu\\Desktop\\Social-Media-Microservices\\media-service\\src\\middleware\\auth.js:16:5)\n    at Layer.handleRequest (C:\\Users\\rajpu\\Desktop\\Social-Media-Microservices\\media-service\\node_modules\\router\\lib\\layer.js:152:17)\n    at next (C:\\Users\\rajpu\\Desktop\\Social-Media-Microservices\\media-service\\node_modules\\router\\lib\\route.js:157:13)","timestamp":"2025-10-08T18:44:42.500Z"}
{"level":"info","message":"Recieved POST request to /api/media/upload-media","service":"media-service","timestamp":"2025-10-08T18:45:49.430Z"}
{"level":"info","message":"Request Body, undefined","service":"media-service","timestamp":"2025-10-08T18:45:49.431Z"}
{"level":"error","message":"Unknown Error Occurred While uploading... Multipart: Boundary not found","service":"media-service","stack":"Error: Multipart: Boundary not found\n    at new Multipart (C:\\Users\\rajpu\\Desktop\\Social-Media-Microservices\\media-service\\node_modules\\busboy\\lib\\types\\multipart.js:233:13)\n    at getInstance (C:\\Users\\rajpu\\Desktop\\Social-Media-Microservices\\media-service\\node_modules\\busboy\\lib\\index.js:33:12)\n    at module.exports (C:\\Users\\rajpu\\Desktop\\Social-Media-Microservices\\media-service\\node_modules\\busboy\\lib\\index.js:56:10)\n    at multerMiddleware (C:\\Users\\rajpu\\Desktop\\Social-Media-Microservices\\media-service\\node_modules\\multer\\lib\\make-middleware.js:38:16)\n    at C:\\Users\\rajpu\\Desktop\\Social-Media-Microservices\\media-service\\src\\routes\\media-routes.js:19:5\n    at Layer.handleRequest (C:\\Users\\rajpu\\Desktop\\Social-Media-Microservices\\media-service\\node_modules\\router\\lib\\layer.js:152:17)\n    at next (C:\\Users\\rajpu\\Desktop\\Social-Media-Microservices\\media-service\\node_modules\\router\\lib\\route.js:157:13)\n    at auth (C:\\Users\\rajpu\\Desktop\\Social-Media-Microservices\\media-service\\src\\middleware\\auth.js:16:5)\n    at Layer.handleRequest (C:\\Users\\rajpu\\Desktop\\Social-Media-Microservices\\media-service\\node_modules\\router\\lib\\layer.js:152:17)\n    at next (C:\\Users\\rajpu\\Desktop\\Social-Media-Microservices\\media-service\\node_modules\\router\\lib\\route.js:157:13)","timestamp":"2025-10-08T18:45:49.435Z"}
{"level":"info","message":"Recieved POST request to /api/media/upload-media","service":"media-service","timestamp":"2025-10-08T18:46:13.093Z"}
{"level":"info","message":"Request Body, undefined","service":"media-service","timestamp":"2025-10-08T18:46:13.095Z"}
{"level":"info","message":"Media endpoints hits...","service":"media-service","timestamp":"2025-10-08T18:46:13.107Z"}
{"level":"info","message":"File details: name=undefined , type=undefined","service":"media-service","timestamp":"2025-10-08T18:46:13.108Z"}
{"level":"info","message":"Uploading to cloudinary starting...","service":"media-service","timestamp":"2025-10-08T18:46:13.108Z"}
{"level":"error","message":"Error Occured while media uploading...","service":"media-service","timestamp":"2025-10-08T18:46:14.470Z"}
{"level":"info","message":"Media Service is Running at PORT:3003","service":"media-service","timestamp":"2025-10-08T18:50:19.996Z"}
{"level":"info","message":"DB CONNECTION SUCESSFULL","service":"media-service","timestamp":"2025-10-08T18:50:24.224Z"}
{"level":"info","message":"Media Service is Running at PORT:3003","service":"media-service","timestamp":"2025-10-08T18:50:25.714Z"}
{"level":"info","message":"DB CONNECTION SUCESSFULL","service":"media-service","timestamp":"2025-10-08T18:50:26.492Z"}
{"level":"info","message":"Media Service is Running at PORT:3003","service":"media-service","timestamp":"2025-10-08T18:50:37.192Z"}
{"level":"info","message":"DB CONNECTION SUCESSFULL","service":"media-service","timestamp":"2025-10-08T18:50:39.521Z"}
{"level":"info","message":"Media Service is Running at PORT:3003","service":"media-service","timestamp":"2025-10-08T18:50:45.652Z"}
{"level":"info","message":"DB CONNECTION SUCESSFULL","service":"media-service","timestamp":"2025-10-08T18:50:46.296Z"}
{"level":"info","message":"Media Service is Running at PORT:3003","service":"media-service","timestamp":"2025-10-08T18:51:03.730Z"}
{"level":"info","message":"DB CONNECTION SUCESSFULL","service":"media-service","timestamp":"2025-10-08T18:51:04.386Z"}
{"level":"info","message":"Media Service is Running at PORT:3003","service":"media-service","timestamp":"2025-10-08T18:51:13.645Z"}
{"level":"info","message":"DB CONNECTION SUCESSFULL","service":"media-service","timestamp":"2025-10-08T18:51:14.316Z"}
{"level":"info","message":"Media Service is Running at PORT:3003","service":"media-service","timestamp":"2025-10-08T18:51:16.822Z"}
{"level":"info","message":"DB CONNECTION SUCESSFULL","service":"media-service","timestamp":"2025-10-08T18:51:17.524Z"}
{"level":"info","message":"Media Service is Running at PORT:3003","service":"media-service","timestamp":"2025-10-08T18:51:20.882Z"}
{"level":"info","message":"DB CONNECTION SUCESSFULL","service":"media-service","timestamp":"2025-10-08T18:51:21.540Z"}
{"level":"info","message":"Media Service is Running at PORT:3003","service":"media-service","timestamp":"2025-10-08T18:51:32.350Z"}
{"level":"info","message":"DB CONNECTION SUCESSFULL","service":"media-service","timestamp":"2025-10-08T18:51:33.039Z"}
{"level":"info","message":"Media Service is Running at PORT:3003","service":"media-service","timestamp":"2025-10-08T18:51:46.563Z"}
{"level":"info","message":"DB CONNECTION SUCESSFULL","service":"media-service","timestamp":"2025-10-08T18:51:47.244Z"}
{"level":"info","message":"Media Service is Running at PORT:3003","service":"media-service","timestamp":"2025-10-08T18:52:01.722Z"}
{"level":"info","message":"DB CONNECTION SUCESSFULL","service":"media-service","timestamp":"2025-10-08T18:52:02.361Z"}
{"level":"info","message":"Media Service is Running at PORT:3003","service":"media-service","timestamp":"2025-10-08T18:52:06.808Z"}
{"level":"info","message":"DB CONNECTION SUCESSFULL","service":"media-service","timestamp":"2025-10-08T18:52:07.515Z"}
{"level":"info","message":"Media Service is Running at PORT:3003","service":"media-service","timestamp":"2025-10-08T18:52:08.079Z"}
{"level":"info","message":"DB CONNECTION SUCESSFULL","service":"media-service","timestamp":"2025-10-08T18:52:08.703Z"}
{"level":"info","message":"Media Service is Running at PORT:3003","service":"media-service","timestamp":"2025-10-08T18:52:09.245Z"}
{"level":"info","message":"DB CONNECTION SUCESSFULL","service":"media-service","timestamp":"2025-10-08T18:52:09.925Z"}
{"level":"info","message":"Media Service is Running at PORT:3003","service":"media-service","timestamp":"2025-10-08T18:52:11.337Z"}
{"level":"info","message":"DB CONNECTION SUCESSFULL","service":"media-service","timestamp":"2025-10-08T18:52:12.017Z"}
{"level":"info","message":"Media Service is Running at PORT:3003","service":"media-service","timestamp":"2025-10-08T18:52:32.838Z"}
{"level":"info","message":"DB CONNECTION SUCESSFULL","service":"media-service","timestamp":"2025-10-08T18:52:36.033Z"}
{"level":"info","message":"Media Service is Running at PORT:3003","service":"media-service","timestamp":"2025-10-08T18:52:38.520Z"}
{"level":"info","message":"DB CONNECTION SUCESSFULL","service":"media-service","timestamp":"2025-10-08T18:52:39.193Z"}
{"level":"info","message":"Media Service is Running at PORT:3003","service":"media-service","timestamp":"2025-10-08T18:52:40.373Z"}
{"level":"info","message":"DB CONNECTION SUCESSFULL","service":"media-service","timestamp":"2025-10-08T18:52:40.970Z"}
{"level":"info","message":"Media Service is Running at PORT:3003","service":"media-service","timestamp":"2025-10-08T18:52:59.219Z"}
{"level":"info","message":"DB CONNECTION SUCESSFULL","service":"media-service","timestamp":"2025-10-08T18:52:59.889Z"}
{"level":"info","message":"Media Service is Running at PORT:3003","service":"media-service","timestamp":"2025-10-08T18:53:01.168Z"}
{"level":"info","message":"DB CONNECTION SUCESSFULL","service":"media-service","timestamp":"2025-10-08T18:53:01.901Z"}
{"level":"info","message":"Media Service is Running at PORT:3003","service":"media-service","timestamp":"2025-10-08T18:53:02.978Z"}
{"level":"info","message":"DB CONNECTION SUCESSFULL","service":"media-service","timestamp":"2025-10-08T18:53:03.704Z"}
{"level":"info","message":"Media Service is Running at PORT:3003","service":"media-service","timestamp":"2025-10-08T18:53:08.737Z"}
{"level":"info","message":"Media Service is Running at PORT:3003","service":"media-service","timestamp":"2025-10-08T18:53:09.873Z"}
{"level":"info","message":"DB CONNECTION SUCESSFULL","service":"media-service","timestamp":"2025-10-08T18:53:10.536Z"}
{"level":"info","message":"Media Service is Running at PORT:3003","service":"media-service","timestamp":"2025-10-08T18:53:12.197Z"}
{"level":"info","message":"DB CONNECTION SUCESSFULL","service":"media-service","timestamp":"2025-10-08T18:53:12.880Z"}
{"level":"info","message":"Media Service is Running at PORT:3003","service":"media-service","timestamp":"2025-10-08T18:53:25.447Z"}
{"level":"info","message":"DB CONNECTION SUCESSFULL","service":"media-service","timestamp":"2025-10-08T18:53:26.117Z"}
{"level":"info","message":"Media Service is Running at PORT:3003","service":"media-service","timestamp":"2025-10-08T18:53:26.988Z"}
{"level":"info","message":"Media Service is Running at PORT:3003","service":"media-service","timestamp":"2025-10-08T18:53:28.248Z"}
{"level":"info","message":"DB CONNECTION SUCESSFULL","service":"media-service","timestamp":"2025-10-08T18:53:28.902Z"}
{"level":"info","message":"Media Service is Running at PORT:3003","service":"media-service","timestamp":"2025-10-08T18:53:43.704Z"}
{"level":"info","message":"DB CONNECTION SUCESSFULL","service":"media-service","timestamp":"2025-10-08T18:53:44.450Z"}
{"level":"info","message":"Media Service is Running at PORT:3003","service":"media-service","timestamp":"2025-10-08T18:53:46.662Z"}
{"level":"info","message":"DB CONNECTION SUCESSFULL","service":"media-service","timestamp":"2025-10-08T18:53:47.256Z"}
{"level":"info","message":"Media Service is Running at PORT:3003","service":"media-service","timestamp":"2025-10-08T18:53:47.995Z"}
{"level":"info","message":"DB CONNECTION SUCESSFULL","service":"media-service","timestamp":"2025-10-08T18:53:48.591Z"}
{"level":"info","message":"Media Service is Running at PORT:3003","service":"media-service","timestamp":"2025-10-08T18:54:00.824Z"}
{"level":"info","message":"DB CONNECTION SUCESSFULL","service":"media-service","timestamp":"2025-10-08T18:54:01.475Z"}
{"level":"info","message":"Media Service is Running at PORT:3003","service":"media-service","timestamp":"2025-10-08T18:54:05.567Z"}
{"level":"info","message":"DB CONNECTION SUCESSFULL","service":"media-service","timestamp":"2025-10-08T18:54:06.172Z"}
{"level":"info","message":"Media Service is Running at PORT:3003","service":"media-service","timestamp":"2025-10-08T18:54:06.989Z"}
{"level":"info","message":"DB CONNECTION SUCESSFULL","service":"media-service","timestamp":"2025-10-08T18:54:07.672Z"}
{"level":"info","message":"Media Service is Running at PORT:3003","service":"media-service","timestamp":"2025-10-08T18:54:09.301Z"}
{"level":"info","message":"DB CONNECTION SUCESSFULL","service":"media-service","timestamp":"2025-10-08T18:54:09.935Z"}
{"level":"info","message":"Media Service is Running at PORT:3003","service":"media-service","timestamp":"2025-10-08T18:55:42.200Z"}
{"level":"info","message":"DB CONNECTION SUCESSFULL","service":"media-service","timestamp":"2025-10-08T18:55:44.766Z"}
{"level":"info","message":"Recieved POST request to /api/media/upload-media","service":"media-service","timestamp":"2025-10-08T18:56:06.911Z"}
{"level":"info","message":"Request Body, undefined","service":"media-service","timestamp":"2025-10-08T18:56:06.912Z"}
{"level":"info","message":"Media endpoints hits...","service":"media-service","timestamp":"2025-10-08T18:56:06.920Z"}
{"level":"info","message":"File details: name=undefined , type=undefined","service":"media-service","timestamp":"2025-10-08T18:56:06.921Z"}
{"level":"info","message":"Uploading to cloudinary starting...","service":"media-service","timestamp":"2025-10-08T18:56:06.921Z"}
{"level":"info","message":"Starting Cloudinary upload stream...","service":"media-service","timestamp":"2025-10-08T18:56:06.922Z"}
{"level":"info","message":"✅ Cloudinary upload successful! Public ID: StudyNotion/bosgjbxn2rhvnhgk0wah","service":"media-service","timestamp":"2025-10-08T18:56:11.991Z"}
{"level":"info","message":"Clodinary Upload Successful. Public Id:-StudyNotion/bosgjbxn2rhvnhgk0wah","service":"media-service","timestamp":"2025-10-08T18:56:11.992Z"}
{"level":"error","message":"Error Occured while media uploading...","service":"media-service","timestamp":"2025-10-08T18:56:11.993Z"}
{"level":"info","message":"Media Service is Running at PORT:3003","service":"media-service","timestamp":"2025-10-08T18:56:56.679Z"}
{"level":"info","message":"Media Service is Running at PORT:3003","service":"media-service","timestamp":"2025-10-08T18:56:58.041Z"}
{"level":"info","message":"DB CONNECTION SUCESSFULL","service":"media-service","timestamp":"2025-10-08T18:57:00.938Z"}
{"level":"info","message":"Recieved POST request to /api/media/upload-media","service":"media-service","timestamp":"2025-10-08T18:57:03.648Z"}
{"level":"info","message":"Request Body, undefined","service":"media-service","timestamp":"2025-10-08T18:57:03.649Z"}
{"level":"info","message":"Media endpoints hits...","service":"media-service","timestamp":"2025-10-08T18:57:03.656Z"}
{"level":"info","message":"File details: name=undefined , type=undefined","service":"media-service","timestamp":"2025-10-08T18:57:03.656Z"}
{"level":"info","message":"Uploading to cloudinary starting...","service":"media-service","timestamp":"2025-10-08T18:57:03.656Z"}
{"level":"info","message":"Starting Cloudinary upload stream...","service":"media-service","timestamp":"2025-10-08T18:57:03.657Z"}
{"level":"info","message":"✅ Cloudinary upload successful! Public ID: StudyNotion/fuxmtlg6tvw38vh8v0z2","service":"media-service","timestamp":"2025-10-08T18:57:07.988Z"}
{"level":"info","message":"Clodinary Upload Successful. Public Id:-StudyNotion/fuxmtlg6tvw38vh8v0z2","service":"media-service","timestamp":"2025-10-08T18:57:07.989Z"}
{"level":"error","message":"Error Occured while media uploading...","service":"media-service","timestamp":"2025-10-08T18:57:07.990Z"}
{"level":"info","message":"Media Service is Running at PORT:3003","service":"media-service","timestamp":"2025-10-08T18:59:07.870Z"}
{"level":"info","message":"DB CONNECTION SUCESSFULL","service":"media-service","timestamp":"2025-10-08T18:59:09.729Z"}
{"level":"info","message":"Media Service is Running at PORT:3003","service":"media-service","timestamp":"2025-10-08T18:59:13.386Z"}
{"level":"info","message":"DB CONNECTION SUCESSFULL","service":"media-service","timestamp":"2025-10-08T18:59:14.041Z"}
{"level":"info","message":"Recieved POST request to /api/media/upload-media","service":"media-service","timestamp":"2025-10-08T18:59:15.524Z"}
{"level":"info","message":"Request Body, undefined","service":"media-service","timestamp":"2025-10-08T18:59:15.524Z"}
{"level":"info","message":"Media endpoints hits...","service":"media-service","timestamp":"2025-10-08T18:59:15.531Z"}
{"level":"info","message":"File details: name=undefined , type=undefined","service":"media-service","timestamp":"2025-10-08T18:59:15.531Z"}
{"level":"info","message":"Uploading to cloudinary starting...","service":"media-service","timestamp":"2025-10-08T18:59:15.531Z"}
{"level":"info","message":"Starting Cloudinary upload stream...","service":"media-service","timestamp":"2025-10-08T18:59:15.532Z"}
{"level":"info","message":"✅ Cloudinary upload successful! Public ID: StudyNotion/io0gczem9qxzn8aldlbz","service":"media-service","timestamp":"2025-10-08T18:59:18.900Z"}
{"level":"info","message":"Clodinary Upload Successful. Public Id:-StudyNotion/io0gczem9qxzn8aldlbz","service":"media-service","timestamp":"2025-10-08T18:59:18.902Z"}
{"level":"error","message":"Error Occured while media uploading...","service":"media-service","timestamp":"2025-10-08T18:59:18.908Z"}
{"level":"info","message":"Media Service is Running at PORT:3003","service":"media-service","timestamp":"2025-10-08T19:01:02.252Z"}
{"level":"info","message":"Media Service is Running at PORT:3003","service":"media-service","timestamp":"2025-10-08T19:01:04.673Z"}
{"level":"info","message":"DB CONNECTION SUCESSFULL","service":"media-service","timestamp":"2025-10-08T19:01:06.554Z"}
{"level":"info","message":"Media Service is Running at PORT:3003","service":"media-service","timestamp":"2025-10-08T19:01:11.737Z"}
{"level":"info","message":"DB CONNECTION SUCESSFULL","service":"media-service","timestamp":"2025-10-08T19:01:12.409Z"}
{"level":"info","message":"Media Service is Running at PORT:3003","service":"media-service","timestamp":"2025-10-08T19:01:15.421Z"}
{"level":"info","message":"DB CONNECTION SUCESSFULL","service":"media-service","timestamp":"2025-10-08T19:01:16.225Z"}
{"level":"info","message":"Recieved POST request to /api/media/upload-media","service":"media-service","timestamp":"2025-10-08T19:01:19.110Z"}
{"level":"info","message":"Request Body, undefined","service":"media-service","timestamp":"2025-10-08T19:01:19.111Z"}
{"level":"info","message":"Media endpoints hits...","service":"media-service","timestamp":"2025-10-08T19:01:19.134Z"}
{"level":"error","message":"Error Occured while media uploading...","service":"media-service","timestamp":"2025-10-08T19:01:19.135Z"}
{"level":"info","message":"Media Service is Running at PORT:3003","service":"media-service","timestamp":"2025-10-08T19:01:32.682Z"}
{"level":"info","message":"DB CONNECTION SUCESSFULL","service":"media-service","timestamp":"2025-10-08T19:01:33.441Z"}
{"level":"info","message":"Media Service is Running at PORT:3003","service":"media-service","timestamp":"2025-10-08T19:01:35.423Z"}
{"level":"info","message":"DB CONNECTION SUCESSFULL","service":"media-service","timestamp":"2025-10-08T19:01:36.063Z"}
{"level":"info","message":"Recieved POST request to /api/media/upload-media","service":"media-service","timestamp":"2025-10-08T19:01:39.796Z"}
{"level":"info","message":"Request Body, undefined","service":"media-service","timestamp":"2025-10-08T19:01:39.796Z"}
{"level":"info","message":"Media endpoints hits...","service":"media-service","timestamp":"2025-10-08T19:01:39.803Z"}
{"level":"info","message":"File details: name=sample2.jpg , type=image/jpeg","service":"media-service","timestamp":"2025-10-08T19:01:39.803Z"}
{"level":"info","message":"Uploading to cloudinary starting...","service":"media-service","timestamp":"2025-10-08T19:01:39.804Z"}
{"level":"info","message":"Starting Cloudinary upload stream...","service":"media-service","timestamp":"2025-10-08T19:01:39.804Z"}
{"level":"info","message":"✅ Cloudinary upload successful! Public ID: StudyNotion/nzh4cxxdz7lls3xqyrk2","service":"media-service","timestamp":"2025-10-08T19:01:45.251Z"}
{"level":"info","message":"Clodinary Upload Successful. Public Id:-StudyNotion/nzh4cxxdz7lls3xqyrk2","service":"media-service","timestamp":"2025-10-08T19:01:45.254Z"}
{"level":"info","message":"Media Service is Running at PORT:3003","service":"media-service","timestamp":"2025-10-08T19:02:18.717Z"}
{"level":"info","message":"DB CONNECTION SUCESSFULL","service":"media-service","timestamp":"2025-10-08T19:02:21.004Z"}
{"level":"info","message":"Media Service is Running at PORT:3003","service":"media-service","timestamp":"2025-10-10T16:53:48.772Z"}
{"level":"info","message":"DB CONNECTION SUCESSFULL","service":"media-service","timestamp":"2025-10-10T16:53:49.628Z"}
{"level":"info","message":"Recieved POST request to /api/media/upload-media","service":"media-service","timestamp":"2025-10-10T17:00:06.541Z"}
{"level":"info","message":"Request Body, undefined","service":"media-service","timestamp":"2025-10-10T17:00:06.542Z"}
{"level":"info","message":"Media endpoints hits...","service":"media-service","timestamp":"2025-10-10T17:00:06.549Z"}
{"level":"info","message":"File details: name=sample2.jpg , type=image/jpeg","service":"media-service","timestamp":"2025-10-10T17:00:06.550Z"}
{"level":"info","message":"Uploading to cloudinary starting...","service":"media-service","timestamp":"2025-10-10T17:00:06.550Z"}
{"level":"info","message":"Starting Cloudinary upload stream...","service":"media-service","timestamp":"2025-10-10T17:00:06.550Z"}
{"level":"info","message":"✅ Cloudinary upload successful! Public ID: StudyNotion/dobij0ltkgbdpyhfsjwo","service":"media-service","timestamp":"2025-10-10T17:00:14.024Z"}
{"level":"info","message":"Clodinary Upload Successful. Public Id:-StudyNotion/dobij0ltkgbdpyhfsjwo","service":"media-service","timestamp":"2025-10-10T17:00:14.025Z"}
{"level":"info","message":"Media Service is Running at PORT:3003","service":"media-service","timestamp":"2025-10-10T18:13:05.819Z"}
{"level":"info","message":"DB CONNECTION SUCESSFULL","service":"media-service","timestamp":"2025-10-10T18:13:06.714Z"}
{"level":"info","message":"Media Service is Running at PORT:3003","service":"media-service","timestamp":"2025-10-10T18:15:24.843Z"}
{"level":"info","message":"DB CONNECTION SUCESSFULL","service":"media-service","timestamp":"2025-10-10T18:15:25.924Z"}
{"level":"info","message":"Media Service is Running at PORT:3003","service":"media-service","timestamp":"2025-10-10T18:15:32.394Z"}
{"level":"info","message":"DB CONNECTION SUCESSFULL","service":"media-service","timestamp":"2025-10-10T18:15:33.146Z"}
{"level":"info","message":"Media Service is Running at PORT:3003","service":"media-service","timestamp":"2025-10-10T18:16:05.086Z"}
{"level":"info","message":"DB CONNECTION SUCESSFULL","service":"media-service","timestamp":"2025-10-10T18:16:05.814Z"}
{"level":"info","message":"Media Service is Running at PORT:3003","service":"media-service","timestamp":"2025-10-10T18:19:02.989Z"}
{"level":"info","message":"DB CONNECTION SUCESSFULL","service":"media-service","timestamp":"2025-10-10T18:19:04.174Z"}
{"level":"info","message":"Media Service is Running at PORT:3003","service":"media-service","timestamp":"2025-10-10T18:19:11.105Z"}
{"level":"info","message":"DB CONNECTION SUCESSFULL","service":"media-service","timestamp":"2025-10-10T18:19:11.862Z"}
{"level":"info","message":"Media Service is Running at PORT:3003","service":"media-service","timestamp":"2025-10-10T18:19:17.163Z"}
{"level":"info","message":"DB CONNECTION SUCESSFULL","service":"media-service","timestamp":"2025-10-10T18:19:17.840Z"}
{"level":"info","message":"Media Service is Running at PORT:3003","service":"media-service","timestamp":"2025-10-10T18:19:21.600Z"}
{"level":"info","message":"DB CONNECTION SUCESSFULL","service":"media-service","timestamp":"2025-10-10T18:19:22.332Z"}
{"level":"info","message":"Media Service is Running at PORT:3003","service":"media-service","timestamp":"2025-10-10T18:19:26.867Z"}
{"level":"info","message":"DB CONNECTION SUCESSFULL","service":"media-service","timestamp":"2025-10-10T18:19:27.566Z"}
{"level":"info","message":"Media Service is Running at PORT:3003","service":"media-service","timestamp":"2025-10-10T18:19:33.671Z"}
{"level":"info","message":"DB CONNECTION SUCESSFULL","service":"media-service","timestamp":"2025-10-10T18:19:34.386Z"}
{"level":"info","message":"Media Service is Running at PORT:3003","service":"media-service","timestamp":"2025-10-10T18:19:35.198Z"}
{"level":"info","message":"DB CONNECTION SUCESSFULL","service":"media-service","timestamp":"2025-10-10T18:19:36.233Z"}
{"level":"info","message":"Media Service is Running at PORT:3003","service":"media-service","timestamp":"2025-10-10T18:19:40.006Z"}
{"level":"info","message":"DB CONNECTION SUCESSFULL","service":"media-service","timestamp":"2025-10-10T18:19:40.699Z"}
{"level":"info","message":"Media Service is Running at PORT:3003","service":"media-service","timestamp":"2025-10-10T18:19:42.827Z"}
{"level":"info","message":"DB CONNECTION SUCESSFULL","service":"media-service","timestamp":"2025-10-10T18:19:43.507Z"}
{"level":"info","message":"Media Service is Running at PORT:3003","service":"media-service","timestamp":"2025-10-10T18:19:44.060Z"}
{"level":"info","message":"DB CONNECTION SUCESSFULL","service":"media-service","timestamp":"2025-10-10T18:19:44.730Z"}
{"level":"info","message":"Media Service is Running at PORT:3003","service":"media-service","timestamp":"2025-10-10T18:19:49.795Z"}
{"level":"info","message":"DB CONNECTION SUCESSFULL","service":"media-service","timestamp":"2025-10-10T18:19:50.509Z"}
{"level":"info","message":"Media Service is Running at PORT:3003","service":"media-service","timestamp":"2025-10-10T18:19:51.993Z"}
{"level":"info","message":"DB CONNECTION SUCESSFULL","service":"media-service","timestamp":"2025-10-10T18:19:52.698Z"}
{"level":"info","message":"Media Service is Running at PORT:3003","service":"media-service","timestamp":"2025-10-10T18:20:02.397Z"}
{"level":"info","message":"DB CONNECTION SUCESSFULL","service":"media-service","timestamp":"2025-10-10T18:20:03.157Z"}
{"level":"info","message":"Media Service is Running at PORT:3003","service":"media-service","timestamp":"2025-10-10T18:20:45.336Z"}
{"level":"info","message":"DB CONNECTION SUCESSFULL","service":"media-service","timestamp":"2025-10-10T18:20:46.204Z"}
{"level":"info","message":"Media Service is Running at PORT:3003","service":"media-service","timestamp":"2025-10-10T18:20:51.462Z"}
{"level":"info","message":"DB CONNECTION SUCESSFULL","service":"media-service","timestamp":"2025-10-10T18:20:52.246Z"}
{"level":"info","message":"Media Service is Running at PORT:3003","service":"media-service","timestamp":"2025-10-10T18:20:58.419Z"}
{"level":"info","message":"DB CONNECTION SUCESSFULL","service":"media-service","timestamp":"2025-10-10T18:20:59.212Z"}
{"level":"info","message":"Media Service is Running at PORT:3003","service":"media-service","timestamp":"2025-10-10T18:21:04.316Z"}
{"level":"info","message":"DB CONNECTION SUCESSFULL","service":"media-service","timestamp":"2025-10-10T18:21:05.906Z"}
{"level":"info","message":"Media Service is Running at PORT:3003","service":"media-service","timestamp":"2025-10-10T18:21:09.262Z"}
{"level":"info","message":"DB CONNECTION SUCESSFULL","service":"media-service","timestamp":"2025-10-10T18:21:10.530Z"}
{"level":"info","message":"Media Service is Running at PORT:3003","service":"media-service","timestamp":"2025-10-10T18:21:17.622Z"}
{"level":"info","message":"DB CONNECTION SUCESSFULL","service":"media-service","timestamp":"2025-10-10T18:21:18.955Z"}
{"level":"info","message":"Media Service is Running at PORT:3003","service":"media-service","timestamp":"2025-10-10T18:21:22.939Z"}
{"level":"info","message":"Media Service is Running at PORT:3003","service":"media-service","timestamp":"2025-10-10T18:21:24.717Z"}
{"level":"info","message":"DB CONNECTION SUCESSFULL","service":"media-service","timestamp":"2025-10-10T18:21:25.634Z"}
{"level":"info","message":"Media Service is Running at PORT:3003","service":"media-service","timestamp":"2025-10-10T18:21:40.117Z"}
{"level":"info","message":"DB CONNECTION SUCESSFULL","service":"media-service","timestamp":"2025-10-10T18:21:42.054Z"}
{"level":"info","message":"Media Service is Running at PORT:3003","service":"media-service","timestamp":"2025-10-10T18:21:45.546Z"}
{"level":"info","message":"DB CONNECTION SUCESSFULL","service":"media-service","timestamp":"2025-10-10T18:21:46.412Z"}
{"level":"info","message":"Media Service is Running at PORT:3003","service":"media-service","timestamp":"2025-10-10T18:21:47.851Z"}
{"level":"info","message":"DB CONNECTION SUCESSFULL","service":"media-service","timestamp":"2025-10-10T18:21:48.700Z"}
{"level":"info","message":"Media Service is Running at PORT:3003","service":"media-service","timestamp":"2025-10-10T18:47:57.466Z"}
{"level":"info","message":"DB CONNECTION SUCESSFULL","service":"media-service","timestamp":"2025-10-10T18:47:58.414Z"}
{"level":"info","message":"Media Service is Running at PORT:3003","service":"media-service","timestamp":"2025-10-10T18:48:15.589Z"}
{"level":"info","message":"DB CONNECTION SUCESSFULL","service":"media-service","timestamp":"2025-10-10T18:48:16.258Z"}
{"level":"info","message":"Media Service is Running at PORT:3003","service":"media-service","timestamp":"2025-10-10T18:48:29.249Z"}
{"level":"info","message":"DB CONNECTION SUCESSFULL","service":"media-service","timestamp":"2025-10-10T18:48:30.134Z"}
{"level":"info","message":"Media Service is Running at PORT:3003","service":"media-service","timestamp":"2025-10-10T18:48:32.248Z"}
{"level":"info","message":"DB CONNECTION SUCESSFULL","service":"media-service","timestamp":"2025-10-10T18:48:32.908Z"}
{"level":"info","message":"Media Service is Running at PORT:3003","service":"media-service","timestamp":"2025-10-10T18:48:39.707Z"}
{"level":"info","message":"DB CONNECTION SUCESSFULL","service":"media-service","timestamp":"2025-10-10T18:48:40.626Z"}
{"level":"info","message":"Connected to rabbit mq","service":"media-service","timestamp":"2025-10-10T18:58:05.742Z"}
{"level":"info","message":"Media Service is Running at PORT:3003","service":"media-service","timestamp":"2025-10-10T18:58:05.746Z"}
{"level":"info","message":"DB CONNECTION SUCESSFULL","service":"media-service","timestamp":"2025-10-10T18:58:06.776Z"}
{"level":"info","message":"Connected to rabbit mq","service":"media-service","timestamp":"2025-10-10T19:08:03.227Z"}
{"level":"info","message":"Media Service is Running at PORT:3003","service":"media-service","timestamp":"2025-10-10T19:08:03.231Z"}
{"level":"info","message":"DB CONNECTION SUCESSFULL","service":"media-service","timestamp":"2025-10-10T19:08:04.262Z"}
{"level":"info","message":"Connected to rabbit mq","service":"media-service","timestamp":"2025-10-11T09:50:39.985Z"}
{"level":"info","message":"Media Service is Running at PORT:3003","service":"media-service","timestamp":"2025-10-11T09:50:39.991Z"}
{"level":"info","message":"DB CONNECTION SUCESSFULL","service":"media-service","timestamp":"2025-10-11T09:50:40.780Z"}
